# JRE version: Java(TM) SE Runtime Environment (8.0_181-b13) (build 1.8.0_181-b13)
# Java VM: Java HotSpot(TM) Client VM (25.181-b13 mixed mode, sharing windows-x86 )
Heap:
 def new generation   total 4992K, used 3468K [0x04800000, 0x04d60000, 0x09d50000)
  eden space 4480K,  66% used [0x04800000, 0x04ae3380, 0x04c60000)
  from space 512K, 100% used [0x04c60000, 0x04ce0000, 0x04ce0000)
  to   space 512K,   0% used [0x04ce0000, 0x04ce0000, 0x04d60000)
 tenured generation   total 10944K, used 10065K [0x09d50000, 0x0a800000, 0x14800000)
   the space 10944K,  91% used [0x09d50000, 0x0a724758, 0x0a724800, 0x0a800000)
 Metaspace       used 823K, capacity 2978K, committed 3008K, reserved 4480K
GC Heap History (10 events):
Event: 241.487 GC heap before
{Heap before GC invocations=926 (full 34):
 def new generation   total 4992K, used 4992K [0x04800000, 0x04d60000, 0x09d50000)
  eden space 4480K, 100% used [0x04800000, 0x04c60000, 0x04c60000)
  from space 512K, 100% used [0x04ce0000, 0x04d60000, 0x04d60000)
  to   space 512K,   0% used [0x04c60000, 0x04c60000, 0x04ce0000)
 tenured generation   total 10944K, used 8775K [0x09d50000, 0x0a800000, 0x14800000)
   the space 10944K,  80% used [0x09d50000, 0x0a5e1d18, 0x0a5e1e00, 0x0a800000)
 Metaspace       used 823K, capacity 2978K, committed 3008K, reserved 4480K
Event: 241.488 GC heap after
Heap after GC invocations=927 (full 34):
 def new generation   total 4992K, used 512K [0x04800000, 0x04d60000, 0x09d50000)
  eden space 4480K,   0% used [0x04800000, 0x04800000, 0x04c60000)
  from space 512K, 100% used [0x04c60000, 0x04ce0000, 0x04ce0000)
  to   space 512K,   0% used [0x04ce0000, 0x04ce0000, 0x04d60000)
 tenured generation   total 10944K, used 9033K [0x09d50000, 0x0a800000, 0x14800000)
   the space 10944K,  82% used [0x09d50000, 0x0a6225b0, 0x0a622600, 0x0a800000)
 Metaspace       used 823K, capacity 2978K, committed 3008K, reserved 4480K
}
Event: 241.728 GC heap before
{Heap before GC invocations=927 (full 34):
 def new generation   total 4992K, used 4992K [0x04800000, 0x04d60000, 0x09d50000)
  eden space 4480K, 100% used [0x04800000, 0x04c60000, 0x04c60000)
  from space 512K, 100% used [0x04c60000, 0x04ce0000, 0x04ce0000)
  to   space 512K,   0% used [0x04ce0000, 0x04ce0000, 0x04d60000)
 tenured generation   total 10944K, used 9033K [0x09d50000, 0x0a800000, 0x14800000)
   the space 10944K,  82% used [0x09d50000, 0x0a6225b0, 0x0a622600, 0x0a800000)
 Metaspace       used 823K, capacity 2978K, committed 3008K, reserved 4480K
Event: 241.730 GC heap after
Heap after GC invocations=928 (full 34):
 def new generation   total 4992K, used 512K [0x04800000, 0x04d60000, 0x09d50000)
  eden space 4480K,   0% used [0x04800000, 0x04800000, 0x04c60000)
  from space 512K, 100% used [0x04ce0000, 0x04d60000, 0x04d60000)
  to   space 512K,   0% used [0x04c60000, 0x04c60000, 0x04ce0000)
 tenured generation   total 10944K, used 9291K [0x09d50000, 0x0a800000, 0x14800000)
   the space 10944K,  84% used [0x09d50000, 0x0a662e48, 0x0a663000, 0x0a800000)
 Metaspace       used 823K, capacity 2978K, committed 3008K, reserved 4480K
}
Event: 241.922 GC heap before
{Heap before GC invocations=928 (full 34):
 def new generation   total 4992K, used 4992K [0x04800000, 0x04d60000, 0x09d50000)
  eden space 4480K, 100% used [0x04800000, 0x04c60000, 0x04c60000)
  from space 512K, 100% used [0x04ce0000, 0x04d60000, 0x04d60000)
  to   space 512K,   0% used [0x04c60000, 0x04c60000, 0x04ce0000)
 tenured generation   total 10944K, used 9291K [0x09d50000, 0x0a800000, 0x14800000)
   the space 10944K,  84% used [0x09d50000, 0x0a662e48, 0x0a663000, 0x0a800000)
 Metaspace       used 823K, capacity 2978K, committed 3008K, reserved 4480K
Event: 241.923 GC heap after
Heap after GC invocations=929 (full 34):
 def new generation   total 4992K, used 512K [0x04800000, 0x04d60000, 0x09d50000)
  eden space 4480K,   0% used [0x04800000, 0x04800000, 0x04c60000)
  from space 512K, 100% used [0x04c60000, 0x04ce0000, 0x04ce0000)
  to   space 512K,   0% used [0x04ce0000, 0x04ce0000, 0x04d60000)
 tenured generation   total 10944K, used 9549K [0x09d50000, 0x0a800000, 0x14800000)
   the space 10944K,  87% used [0x09d50000, 0x0a6a36a8, 0x0a6a3800, 0x0a800000)
 Metaspace       used 823K, capacity 2978K, committed 3008K, reserved 4480K
}
Event: 242.162 GC heap before
{Heap before GC invocations=929 (full 34):
 def new generation   total 4992K, used 4992K [0x04800000, 0x04d60000, 0x09d50000)
  eden space 4480K, 100% used [0x04800000, 0x04c60000, 0x04c60000)
  from space 512K, 100% used [0x04c60000, 0x04ce0000, 0x04ce0000)
  to   space 512K,   0% used [0x04ce0000, 0x04ce0000, 0x04d60000)
 tenured generation   total 10944K, used 9549K [0x09d50000, 0x0a800000, 0x14800000)
   the space 10944K,  87% used [0x09d50000, 0x0a6a36a8, 0x0a6a3800, 0x0a800000)
 Metaspace       used 823K, capacity 2978K, committed 3008K, reserved 4480K
Event: 242.163 GC heap after
Heap after GC invocations=930 (full 34):
 def new generation   total 4992K, used 512K [0x04800000, 0x04d60000, 0x09d50000)
  eden space 4480K,   0% used [0x04800000, 0x04800000, 0x04c60000)
  from space 512K, 100% used [0x04ce0000, 0x04d60000, 0x04d60000)
  to   space 512K,   0% used [0x04c60000, 0x04c60000, 0x04ce0000)
 tenured generation   total 10944K, used 9807K [0x09d50000, 0x0a800000, 0x14800000)
   the space 10944K,  89% used [0x09d50000, 0x0a6e3ed0, 0x0a6e4000, 0x0a800000)
 Metaspace       used 823K, capacity 2978K, committed 3008K, reserved 4480K
}
Event: 242.359 GC heap before
{Heap before GC invocations=930 (full 34):
 def new generation   total 4992K, used 4992K [0x04800000, 0x04d60000, 0x09d50000)
  eden space 4480K, 100% used [0x04800000, 0x04c60000, 0x04c60000)
  from space 512K, 100% used [0x04ce0000, 0x04d60000, 0x04d60000)
  to   space 512K,   0% used [0x04c60000, 0x04c60000, 0x04ce0000)
 tenured generation   total 10944K, used 9807K [0x09d50000, 0x0a800000, 0x14800000)
   the space 10944K,  89% used [0x09d50000, 0x0a6e3ed0, 0x0a6e4000, 0x0a800000)
 Metaspace       used 823K, capacity 2978K, committed 3008K, reserved 4480K
Event: 242.360 GC heap after
Heap after GC invocations=931 (full 34):
 def new generation   total 4992K, used 512K [0x04800000, 0x04d60000, 0x09d50000)
  eden space 4480K,   0% used [0x04800000, 0x04800000, 0x04c60000)
  from space 512K, 100% used [0x04c60000, 0x04ce0000, 0x04ce0000)
  to   space 512K,   0% used [0x04ce0000, 0x04ce0000, 0x04d60000)
 tenured generation   total 10944K, used 10065K [0x09d50000, 0x0a800000, 0x14800000)
   the space 10944K,  91% used [0x09d50000, 0x0a724758, 0x0a724800, 0x0a800000)
 Metaspace       used 823K, capacity 2978K, committed 3008K, reserved 4480K
}

