# JRE version: Java(TM) SE Runtime Environment (8.0_171-b11) (build 1.8.0_171-b11)
# Java VM: Java HotSpot(TM) Client VM (25.171-b11 mixed mode, sharing windows-x86 )
Heap:
 def new generation   total 4928K, used 2620K [0x04a00000, 0x04f50000, 0x09f50000)
  eden space 4416K,  47% used [0x04a00000, 0x04c0f078, 0x04e50000)
  from space 512K, 100% used [0x04e50000, 0x04ed0000, 0x04ed0000)
  to   space 512K,   0% used [0x04ed0000, 0x04ed0000, 0x04f50000)
 tenured generation   total 10944K, used 2546K [0x09f50000, 0x0aa00000, 0x14a00000)
   the space 10944K,  23% used [0x09f50000, 0x0a1cc8b0, 0x0a1cca00, 0x0aa00000)
 Metaspace       used 680K, capacity 2850K, committed 2880K, reserved 4480K
GC Heap History (10 events):
Event: 5.918 GC heap before
{Heap before GC invocations=5 (full 0):
 def new generation   total 4928K, used 4492K [0x04a00000, 0x04f50000, 0x09f50000)
  eden space 4416K, 100% used [0x04a00000, 0x04e50000, 0x04e50000)
  from space 512K,  15% used [0x04ed0000, 0x04ee3350, 0x04f50000)
  to   space 512K,   0% used [0x04e50000, 0x04e50000, 0x04ed0000)
 tenured generation   total 10944K, used 2405K [0x09f50000, 0x0aa00000, 0x14a00000)
   the space 10944K,  21% used [0x09f50000, 0x0a1a9638, 0x0a1a9800, 0x0aa00000)
 Metaspace       used 657K, capacity 2818K, committed 2880K, reserved 4480K
Event: 5.918 GC heap after
Heap after GC invocations=6 (full 0):
 def new generation   total 4928K, used 93K [0x04a00000, 0x04f50000, 0x09f50000)
  eden space 4416K,   0% used [0x04a00000, 0x04a00000, 0x04e50000)
  from space 512K,  18% used [0x04e50000, 0x04e67638, 0x04ed0000)
  to   space 512K,   0% used [0x04ed0000, 0x04ed0000, 0x04f50000)
 tenured generation   total 10944K, used 2405K [0x09f50000, 0x0aa00000, 0x14a00000)
   the space 10944K,  21% used [0x09f50000, 0x0a1a9638, 0x0a1a9800, 0x0aa00000)
 Metaspace       used 657K, capacity 2818K, committed 2880K, reserved 4480K
}
Event: 6.358 GC heap before
{Heap before GC invocations=6 (full 0):
 def new generation   total 4928K, used 4509K [0x04a00000, 0x04f50000, 0x09f50000)
  eden space 4416K, 100% used [0x04a00000, 0x04e50000, 0x04e50000)
  from space 512K,  18% used [0x04e50000, 0x04e67638, 0x04ed0000)
  to   space 512K,   0% used [0x04ed0000, 0x04ed0000, 0x04f50000)
 tenured generation   total 10944K, used 2405K [0x09f50000, 0x0aa00000, 0x14a00000)
   the space 10944K,  21% used [0x09f50000, 0x0a1a9638, 0x0a1a9800, 0x0aa00000)
 Metaspace       used 657K, capacity 2818K, committed 2880K, reserved 4480K
Event: 6.359 GC heap after
Heap after GC invocations=7 (full 0):
 def new generation   total 4928K, used 87K [0x04a00000, 0x04f50000, 0x09f50000)
  eden space 4416K,   0% used [0x04a00000, 0x04a00000, 0x04e50000)
  from space 512K,  16% used [0x04ed0000, 0x04ee5c28, 0x04f50000)
  to   space 512K,   0% used [0x04e50000, 0x04e50000, 0x04ed0000)
 tenured generation   total 10944K, used 2405K [0x09f50000, 0x0aa00000, 0x14a00000)
   the space 10944K,  21% used [0x09f50000, 0x0a1a9638, 0x0a1a9800, 0x0aa00000)
 Metaspace       used 657K, capacity 2818K, committed 2880K, reserved 4480K
}
Event: 6.774 GC heap before
{Heap before GC invocations=7 (full 0):
 def new generation   total 4928K, used 4503K [0x04a00000, 0x04f50000, 0x09f50000)
  eden space 4416K, 100% used [0x04a00000, 0x04e50000, 0x04e50000)
  from space 512K,  16% used [0x04ed0000, 0x04ee5c28, 0x04f50000)
  to   space 512K,   0% used [0x04e50000, 0x04e50000, 0x04ed0000)
 tenured generation   total 10944K, used 2405K [0x09f50000, 0x0aa00000, 0x14a00000)
   the space 10944K,  21% used [0x09f50000, 0x0a1a9638, 0x0a1a9800, 0x0aa00000)
 Metaspace       used 657K, capacity 2818K, committed 2880K, reserved 4480K
Event: 6.774 GC heap after
Heap after GC invocations=8 (full 0):
 def new generation   total 4928K, used 87K [0x04a00000, 0x04f50000, 0x09f50000)
  eden space 4416K,   0% used [0x04a00000, 0x04a00000, 0x04e50000)
  from space 512K,  16% used [0x04e50000, 0x04e65c10, 0x04ed0000)
  to   space 512K,   0% used [0x04ed0000, 0x04ed0000, 0x04f50000)
 tenured generation   total 10944K, used 2405K [0x09f50000, 0x0aa00000, 0x14a00000)
   the space 10944K,  21% used [0x09f50000, 0x0a1a9638, 0x0a1a9800, 0x0aa00000)
 Metaspace       used 657K, capacity 2818K, committed 2880K, reserved 4480K
}
Event: 7.195 GC heap before
{Heap before GC invocations=8 (full 0):
 def new generation   total 4928K, used 4503K [0x04a00000, 0x04f50000, 0x09f50000)
  eden space 4416K, 100% used [0x04a00000, 0x04e50000, 0x04e50000)
  from space 512K,  16% used [0x04e50000, 0x04e65c10, 0x04ed0000)
  to   space 512K,   0% used [0x04ed0000, 0x04ed0000, 0x04f50000)
 tenured generation   total 10944K, used 2405K [0x09f50000, 0x0aa00000, 0x14a00000)
   the space 10944K,  21% used [0x09f50000, 0x0a1a9638, 0x0a1a9800, 0x0aa00000)
 Metaspace       used 657K, capacity 2818K, committed 2880K, reserved 4480K
Event: 7.196 GC heap after
Heap after GC invocations=9 (full 0):
 def new generation   total 4928K, used 87K [0x04a00000, 0x04f50000, 0x09f50000)
  eden space 4416K,   0% used [0x04a00000, 0x04a00000, 0x04e50000)
  from space 512K,  16% used [0x04ed0000, 0x04ee5c28, 0x04f50000)
  to   space 512K,   0% used [0x04e50000, 0x04e50000, 0x04ed0000)
 tenured generation   total 10944K, used 2405K [0x09f50000, 0x0aa00000, 0x14a00000)
   the space 10944K,  21% used [0x09f50000, 0x0a1a9638, 0x0a1a9800, 0x0aa00000)
 Metaspace       used 657K, capacity 2818K, committed 2880K, reserved 4480K
}
Event: 7.565 GC heap before
{Heap before GC invocations=9 (full 0):
 def new generation   total 4928K, used 4503K [0x04a00000, 0x04f50000, 0x09f50000)
  eden space 4416K, 100% used [0x04a00000, 0x04e50000, 0x04e50000)
  from space 512K,  16% used [0x04ed0000, 0x04ee5c28, 0x04f50000)
  to   space 512K,   0% used [0x04e50000, 0x04e50000, 0x04ed0000)
 tenured generation   total 10944K, used 2405K [0x09f50000, 0x0aa00000, 0x14a00000)
   the space 10944K,  21% used [0x09f50000, 0x0a1a9638, 0x0a1a9800, 0x0aa00000)
 Metaspace       used 667K, capacity 2818K, committed 2880K, reserved 4480K
Event: 7.566 GC heap after
Heap after GC invocations=10 (full 0):
 def new generation   total 4928K, used 512K [0x04a00000, 0x04f50000, 0x09f50000)
  eden space 4416K,   0% used [0x04a00000, 0x04a00000, 0x04e50000)
  from space 512K, 100% used [0x04e50000, 0x04ed0000, 0x04ed0000)
  to   space 512K,   0% used [0x04ed0000, 0x04ed0000, 0x04f50000)
 tenured generation   total 10944K, used 2546K [0x09f50000, 0x0aa00000, 0x14a00000)
   the space 10944K,  23% used [0x09f50000, 0x0a1cc8b0, 0x0a1cca00, 0x0aa00000)
 Metaspace       used 667K, capacity 2818K, committed 2880K, reserved 4480K
}

