# JRE version: Java(TM) SE Runtime Environment (8.0_171-b11) (build 1.8.0_171-b11)
# Java VM: Java HotSpot(TM) Client VM (25.171-b11 mixed mode, sharing windows-x86 )
Heap:
 def new generation   total 4992K, used 3200K [0x04600000, 0x04b60000, 0x09b50000)
  eden space 4480K,  60% used [0x04600000, 0x048a0048, 0x04a60000)
  from space 512K,  99% used [0x04a60000, 0x04adfff8, 0x04ae0000)
  to   space 512K,   0% used [0x04ae0000, 0x04ae0000, 0x04b60000)
 tenured generation   total 10944K, used 5154K [0x09b50000, 0x0a600000, 0x14600000)
   the space 10944K,  47% used [0x09b50000, 0x0a058970, 0x0a058a00, 0x0a600000)
 Metaspace       used 739K, capacity 2882K, committed 3008K, reserved 4480K
GC Heap History (10 events):
Event: 167.166 GC heap before
{Heap before GC invocations=1475 (full 54):
 def new generation   total 4992K, used 4991K [0x04600000, 0x04b60000, 0x09b50000)
  eden space 4480K, 100% used [0x04600000, 0x04a60000, 0x04a60000)
  from space 512K,  99% used [0x04ae0000, 0x04b5fff8, 0x04b60000)
  to   space 512K,   0% used [0x04a60000, 0x04a60000, 0x04ae0000)
 tenured generation   total 10944K, used 10869K [0x09b50000, 0x0a600000, 0x14600000)
   the space 10944K,  99% used [0x09b50000, 0x0a5ed740, 0x0a5ed800, 0x0a600000)
 Metaspace       used 739K, capacity 2882K, committed 3008K, reserved 4480K
Event: 167.182 GC heap after
Heap after GC invocations=1476 (full 55):
 def new generation   total 4992K, used 0K [0x04600000, 0x04b60000, 0x09b50000)
  eden space 4480K,   0% used [0x04600000, 0x04600000, 0x04a60000)
  from space 512K,   0% used [0x04a60000, 0x04a60000, 0x04ae0000)
  to   space 512K,   0% used [0x04ae0000, 0x04ae0000, 0x04b60000)
 tenured generation   total 10944K, used 4118K [0x09b50000, 0x0a600000, 0x14600000)
   the space 10944K,  37% used [0x09b50000, 0x09f55a80, 0x09f55c00, 0x0a600000)
 Metaspace       used 739K, capacity 2882K, committed 3008K, reserved 4480K
}
Event: 167.265 GC heap before
{Heap before GC invocations=1476 (full 55):
 def new generation   total 4992K, used 4480K [0x04600000, 0x04b60000, 0x09b50000)
  eden space 4480K, 100% used [0x04600000, 0x04a60000, 0x04a60000)
  from space 512K,   0% used [0x04a60000, 0x04a60000, 0x04ae0000)
  to   space 512K,   0% used [0x04ae0000, 0x04ae0000, 0x04b60000)
 tenured generation   total 10944K, used 4118K [0x09b50000, 0x0a600000, 0x14600000)
   the space 10944K,  37% used [0x09b50000, 0x09f55a80, 0x09f55c00, 0x0a600000)
 Metaspace       used 739K, capacity 2882K, committed 3008K, reserved 4480K
Event: 167.267 GC heap after
Heap after GC invocations=1477 (full 55):
 def new generation   total 4992K, used 512K [0x04600000, 0x04b60000, 0x09b50000)
  eden space 4480K,   0% used [0x04600000, 0x04600000, 0x04a60000)
  from space 512K, 100% used [0x04ae0000, 0x04b60000, 0x04b60000)
  to   space 512K,   0% used [0x04a60000, 0x04a60000, 0x04ae0000)
 tenured generation   total 10944K, used 4377K [0x09b50000, 0x0a600000, 0x14600000)
   the space 10944K,  39% used [0x09b50000, 0x09f96638, 0x09f96800, 0x0a600000)
 Metaspace       used 739K, capacity 2882K, committed 3008K, reserved 4480K
}
Event: 167.355 GC heap before
{Heap before GC invocations=1477 (full 55):
 def new generation   total 4992K, used 4992K [0x04600000, 0x04b60000, 0x09b50000)
  eden space 4480K, 100% used [0x04600000, 0x04a60000, 0x04a60000)
  from space 512K, 100% used [0x04ae0000, 0x04b60000, 0x04b60000)
  to   space 512K,   0% used [0x04a60000, 0x04a60000, 0x04ae0000)
 tenured generation   total 10944K, used 4377K [0x09b50000, 0x0a600000, 0x14600000)
   the space 10944K,  39% used [0x09b50000, 0x09f96638, 0x09f96800, 0x0a600000)
 Metaspace       used 739K, capacity 2882K, committed 3008K, reserved 4480K
Event: 167.357 GC heap after
Heap after GC invocations=1478 (full 55):
 def new generation   total 4992K, used 511K [0x04600000, 0x04b60000, 0x09b50000)
  eden space 4480K,   0% used [0x04600000, 0x04600000, 0x04a60000)
  from space 512K,  99% used [0x04a60000, 0x04adfff8, 0x04ae0000)
  to   space 512K,   0% used [0x04ae0000, 0x04ae0000, 0x04b60000)
 tenured generation   total 10944K, used 4636K [0x09b50000, 0x0a600000, 0x14600000)
   the space 10944K,  42% used [0x09b50000, 0x09fd7210, 0x09fd7400, 0x0a600000)
 Metaspace       used 739K, capacity 2882K, committed 3008K, reserved 4480K
}
Event: 167.465 GC heap before
{Heap before GC invocations=1478 (full 55):
 def new generation   total 4992K, used 4991K [0x04600000, 0x04b60000, 0x09b50000)
  eden space 4480K, 100% used [0x04600000, 0x04a60000, 0x04a60000)
  from space 512K,  99% used [0x04a60000, 0x04adfff8, 0x04ae0000)
  to   space 512K,   0% used [0x04ae0000, 0x04ae0000, 0x04b60000)
 tenured generation   total 10944K, used 4636K [0x09b50000, 0x0a600000, 0x14600000)
   the space 10944K,  42% used [0x09b50000, 0x09fd7210, 0x09fd7400, 0x0a600000)
 Metaspace       used 739K, capacity 2882K, committed 3008K, reserved 4480K
Event: 167.466 GC heap after
Heap after GC invocations=1479 (full 55):
 def new generation   total 4992K, used 511K [0x04600000, 0x04b60000, 0x09b50000)
  eden space 4480K,   0% used [0x04600000, 0x04600000, 0x04a60000)
  from space 512K,  99% used [0x04ae0000, 0x04b5fff8, 0x04b60000)
  to   space 512K,   0% used [0x04a60000, 0x04a60000, 0x04ae0000)
 tenured generation   total 10944K, used 4895K [0x09b50000, 0x0a600000, 0x14600000)
   the space 10944K,  44% used [0x09b50000, 0x0a017dc0, 0x0a017e00, 0x0a600000)
 Metaspace       used 739K, capacity 2882K, committed 3008K, reserved 4480K
}
Event: 167.559 GC heap before
{Heap before GC invocations=1479 (full 55):
 def new generation   total 4992K, used 4991K [0x04600000, 0x04b60000, 0x09b50000)
  eden space 4480K, 100% used [0x04600000, 0x04a60000, 0x04a60000)
  from space 512K,  99% used [0x04ae0000, 0x04b5fff8, 0x04b60000)
  to   space 512K,   0% used [0x04a60000, 0x04a60000, 0x04ae0000)
 tenured generation   total 10944K, used 4895K [0x09b50000, 0x0a600000, 0x14600000)
   the space 10944K,  44% used [0x09b50000, 0x0a017dc0, 0x0a017e00, 0x0a600000)
 Metaspace       used 739K, capacity 2882K, committed 3008K, reserved 4480K
Event: 167.560 GC heap after
Heap after GC invocations=1480 (full 55):
 def new generation   total 4992K, used 511K [0x04600000, 0x04b60000, 0x09b50000)
  eden space 4480K,   0% used [0x04600000, 0x04600000, 0x04a60000)
  from space 512K,  99% used [0x04a60000, 0x04adfff8, 0x04ae0000)
  to   space 512K,   0% used [0x04ae0000, 0x04ae0000, 0x04b60000)
 tenured generation   total 10944K, used 5154K [0x09b50000, 0x0a600000, 0x14600000)
   the space 10944K,  47% used [0x09b50000, 0x0a058970, 0x0a058a00, 0x0a600000)
 Metaspace       used 739K, capacity 2882K, committed 3008K, reserved 4480K
}

