# JRE version: Java(TM) SE Runtime Environment (8.0_181-b13) (build 1.8.0_181-b13)
# Java VM: Java HotSpot(TM) Client VM (25.181-b13 mixed mode, sharing windows-x86 )
Heap:
 def new generation   total 4992K, used 1856K [0x04e00000, 0x05360000, 0x0a350000)
  eden space 4480K,  30% used [0x04e00000, 0x04f50058, 0x05260000)
  from space 512K, 100% used [0x052e0000, 0x05360000, 0x05360000)
  to   space 512K,   0% used [0x05260000, 0x05260000, 0x052e0000)
 tenured generation   total 10944K, used 6450K [0x0a350000, 0x0ae00000, 0x14e00000)
   the space 10944K,  58% used [0x0a350000, 0x0a99c838, 0x0a99ca00, 0x0ae00000)
 Metaspace       used 804K, capacity 2946K, committed 3008K, reserved 4480K
GC Heap History (10 events):
Event: 101.937 GC heap before
{Heap before GC invocations=997 (full 37):
 def new generation   total 4992K, used 4991K [0x04e00000, 0x05360000, 0x0a350000)
  eden space 4480K, 100% used [0x04e00000, 0x05260000, 0x05260000)
  from space 512K,  99% used [0x05260000, 0x052dfff8, 0x052e0000)
  to   space 512K,   0% used [0x052e0000, 0x052e0000, 0x05360000)
 tenured generation   total 10944K, used 5156K [0x0a350000, 0x0ae00000, 0x14e00000)
   the space 10944K,  47% used [0x0a350000, 0x0a8593e8, 0x0a859400, 0x0ae00000)
 Metaspace       used 803K, capacity 2946K, committed 3008K, reserved 4480K
Event: 101.938 GC heap after
Heap after GC invocations=998 (full 37):
 def new generation   total 4992K, used 511K [0x04e00000, 0x05360000, 0x0a350000)
  eden space 4480K,   0% used [0x04e00000, 0x04e00000, 0x05260000)
  from space 512K,  99% used [0x052e0000, 0x0535fff8, 0x05360000)
  to   space 512K,   0% used [0x05260000, 0x05260000, 0x052e0000)
 tenured generation   total 10944K, used 5415K [0x0a350000, 0x0ae00000, 0x14e00000)
   the space 10944K,  49% used [0x0a350000, 0x0a899f08, 0x0a89a000, 0x0ae00000)
 Metaspace       used 803K, capacity 2946K, committed 3008K, reserved 4480K
}
Event: 101.986 GC heap before
{Heap before GC invocations=998 (full 37):
 def new generation   total 4992K, used 4991K [0x04e00000, 0x05360000, 0x0a350000)
  eden space 4480K, 100% used [0x04e00000, 0x05260000, 0x05260000)
  from space 512K,  99% used [0x052e0000, 0x0535fff8, 0x05360000)
  to   space 512K,   0% used [0x05260000, 0x05260000, 0x052e0000)
 tenured generation   total 10944K, used 5415K [0x0a350000, 0x0ae00000, 0x14e00000)
   the space 10944K,  49% used [0x0a350000, 0x0a899f08, 0x0a89a000, 0x0ae00000)
 Metaspace       used 803K, capacity 2946K, committed 3008K, reserved 4480K
Event: 101.988 GC heap after
Heap after GC invocations=999 (full 37):
 def new generation   total 4992K, used 511K [0x04e00000, 0x05360000, 0x0a350000)
  eden space 4480K,   0% used [0x04e00000, 0x04e00000, 0x05260000)
  from space 512K,  99% used [0x05260000, 0x052dfff8, 0x052e0000)
  to   space 512K,   0% used [0x052e0000, 0x052e0000, 0x05360000)
 tenured generation   total 10944K, used 5674K [0x0a350000, 0x0ae00000, 0x14e00000)
   the space 10944K,  51% used [0x0a350000, 0x0a8da930, 0x0a8daa00, 0x0ae00000)
 Metaspace       used 803K, capacity 2946K, committed 3008K, reserved 4480K
}
Event: 102.040 GC heap before
{Heap before GC invocations=999 (full 37):
 def new generation   total 4992K, used 4991K [0x04e00000, 0x05360000, 0x0a350000)
  eden space 4480K, 100% used [0x04e00000, 0x05260000, 0x05260000)
  from space 512K,  99% used [0x05260000, 0x052dfff8, 0x052e0000)
  to   space 512K,   0% used [0x052e0000, 0x052e0000, 0x05360000)
 tenured generation   total 10944K, used 5674K [0x0a350000, 0x0ae00000, 0x14e00000)
   the space 10944K,  51% used [0x0a350000, 0x0a8da930, 0x0a8daa00, 0x0ae00000)
 Metaspace       used 803K, capacity 2946K, committed 3008K, reserved 4480K
Event: 102.041 GC heap after
Heap after GC invocations=1000 (full 37):
 def new generation   total 4992K, used 512K [0x04e00000, 0x05360000, 0x0a350000)
  eden space 4480K,   0% used [0x04e00000, 0x04e00000, 0x05260000)
  from space 512K, 100% used [0x052e0000, 0x05360000, 0x05360000)
  to   space 512K,   0% used [0x05260000, 0x05260000, 0x052e0000)
 tenured generation   total 10944K, used 5932K [0x0a350000, 0x0ae00000, 0x14e00000)
   the space 10944K,  54% used [0x0a350000, 0x0a91b350, 0x0a91b400, 0x0ae00000)
 Metaspace       used 803K, capacity 2946K, committed 3008K, reserved 4480K
}
Event: 102.089 GC heap before
{Heap before GC invocations=1000 (full 37):
 def new generation   total 4992K, used 4992K [0x04e00000, 0x05360000, 0x0a350000)
  eden space 4480K, 100% used [0x04e00000, 0x05260000, 0x05260000)
  from space 512K, 100% used [0x052e0000, 0x05360000, 0x05360000)
  to   space 512K,   0% used [0x05260000, 0x05260000, 0x052e0000)
 tenured generation   total 10944K, used 5932K [0x0a350000, 0x0ae00000, 0x14e00000)
   the space 10944K,  54% used [0x0a350000, 0x0a91b350, 0x0a91b400, 0x0ae00000)
 Metaspace       used 803K, capacity 2946K, committed 3008K, reserved 4480K
Event: 102.091 GC heap after
Heap after GC invocations=1001 (full 37):
 def new generation   total 4992K, used 512K [0x04e00000, 0x05360000, 0x0a350000)
  eden space 4480K,   0% used [0x04e00000, 0x04e00000, 0x05260000)
  from space 512K, 100% used [0x05260000, 0x052e0000, 0x052e0000)
  to   space 512K,   0% used [0x052e0000, 0x052e0000, 0x05360000)
 tenured generation   total 10944K, used 6191K [0x0a350000, 0x0ae00000, 0x14e00000)
   the space 10944K,  56% used [0x0a350000, 0x0a95bda8, 0x0a95be00, 0x0ae00000)
 Metaspace       used 803K, capacity 2946K, committed 3008K, reserved 4480K
}
Event: 102.142 GC heap before
{Heap before GC invocations=1001 (full 37):
 def new generation   total 4992K, used 4992K [0x04e00000, 0x05360000, 0x0a350000)
  eden space 4480K, 100% used [0x04e00000, 0x05260000, 0x05260000)
  from space 512K, 100% used [0x05260000, 0x052e0000, 0x052e0000)
  to   space 512K,   0% used [0x052e0000, 0x052e0000, 0x05360000)
 tenured generation   total 10944K, used 6191K [0x0a350000, 0x0ae00000, 0x14e00000)
   the space 10944K,  56% used [0x0a350000, 0x0a95bda8, 0x0a95be00, 0x0ae00000)
 Metaspace       used 803K, capacity 2946K, committed 3008K, reserved 4480K
Event: 102.144 GC heap after
Heap after GC invocations=1002 (full 37):
 def new generation   total 4992K, used 512K [0x04e00000, 0x05360000, 0x0a350000)
  eden space 4480K,   0% used [0x04e00000, 0x04e00000, 0x05260000)
  from space 512K, 100% used [0x052e0000, 0x05360000, 0x05360000)
  to   space 512K,   0% used [0x05260000, 0x05260000, 0x052e0000)
 tenured generation   total 10944K, used 6450K [0x0a350000, 0x0ae00000, 0x14e00000)
   the space 10944K,  58% used [0x0a350000, 0x0a99c838, 0x0a99ca00, 0x0ae00000)
 Metaspace       used 803K, capacity 2946K, committed 3008K, reserved 4480K
}

