# JRE version: Java(TM) SE Runtime Environment (8.0_171-b11) (build 1.8.0_171-b11)
# Java VM: Java HotSpot(TM) Client VM (25.171-b11 mixed mode, sharing windows-x86 )
Heap:
 def new generation   total 4992K, used 3737K [0x05400000, 0x05960000, 0x0a950000)
  eden space 4480K,  72% used [0x05400000, 0x05726700, 0x05860000)
  from space 512K,  99% used [0x05860000, 0x058dfff8, 0x058e0000)
  to   space 512K,   0% used [0x058e0000, 0x058e0000, 0x05960000)
 tenured generation   total 10944K, used 9776K [0x0a950000, 0x0b400000, 0x15400000)
   the space 10944K,  89% used [0x0a950000, 0x0b2dc168, 0x0b2dc200, 0x0b400000)
 Metaspace       used 750K, capacity 2914K, committed 3008K, reserved 4480K
GC Heap History (10 events):
Event: 182.802 GC heap before
{Heap before GC invocations=1674 (full 65):
 def new generation   total 4992K, used 4991K [0x05400000, 0x05960000, 0x0a950000)
  eden space 4480K, 100% used [0x05400000, 0x05860000, 0x05860000)
  from space 512K,  99% used [0x058e0000, 0x0595fff8, 0x05960000)
  to   space 512K,   0% used [0x05860000, 0x05860000, 0x058e0000)
 tenured generation   total 10944K, used 8472K [0x0a950000, 0x0b400000, 0x15400000)
   the space 10944K,  77% used [0x0a950000, 0x0b1961e8, 0x0b196200, 0x0b400000)
 Metaspace       used 750K, capacity 2914K, committed 3008K, reserved 4480K
Event: 182.803 GC heap after
Heap after GC invocations=1675 (full 65):
 def new generation   total 4992K, used 511K [0x05400000, 0x05960000, 0x0a950000)
  eden space 4480K,   0% used [0x05400000, 0x05400000, 0x05860000)
  from space 512K,  99% used [0x05860000, 0x058dfff8, 0x058e0000)
  to   space 512K,   0% used [0x058e0000, 0x058e0000, 0x05960000)
 tenured generation   total 10944K, used 8732K [0x0a950000, 0x0b400000, 0x15400000)
   the space 10944K,  79% used [0x0a950000, 0x0b1d7010, 0x0b1d7200, 0x0b400000)
 Metaspace       used 750K, capacity 2914K, committed 3008K, reserved 4480K
}
Event: 182.913 GC heap before
{Heap before GC invocations=1675 (full 65):
 def new generation   total 4992K, used 4991K [0x05400000, 0x05960000, 0x0a950000)
  eden space 4480K, 100% used [0x05400000, 0x05860000, 0x05860000)
  from space 512K,  99% used [0x05860000, 0x058dfff8, 0x058e0000)
  to   space 512K,   0% used [0x058e0000, 0x058e0000, 0x05960000)
 tenured generation   total 10944K, used 8732K [0x0a950000, 0x0b400000, 0x15400000)
   the space 10944K,  79% used [0x0a950000, 0x0b1d7010, 0x0b1d7200, 0x0b400000)
 Metaspace       used 750K, capacity 2914K, committed 3008K, reserved 4480K
Event: 182.915 GC heap after
Heap after GC invocations=1676 (full 65):
 def new generation   total 4992K, used 512K [0x05400000, 0x05960000, 0x0a950000)
  eden space 4480K,   0% used [0x05400000, 0x05400000, 0x05860000)
  from space 512K, 100% used [0x058e0000, 0x05960000, 0x05960000)
  to   space 512K,   0% used [0x05860000, 0x05860000, 0x058e0000)
 tenured generation   total 10944K, used 8993K [0x0a950000, 0x0b400000, 0x15400000)
   the space 10944K,  82% used [0x0a950000, 0x0b2185d8, 0x0b218600, 0x0b400000)
 Metaspace       used 750K, capacity 2914K, committed 3008K, reserved 4480K
}
Event: 183.008 GC heap before
{Heap before GC invocations=1676 (full 65):
 def new generation   total 4992K, used 4992K [0x05400000, 0x05960000, 0x0a950000)
  eden space 4480K, 100% used [0x05400000, 0x05860000, 0x05860000)
  from space 512K, 100% used [0x058e0000, 0x05960000, 0x05960000)
  to   space 512K,   0% used [0x05860000, 0x05860000, 0x058e0000)
 tenured generation   total 10944K, used 8993K [0x0a950000, 0x0b400000, 0x15400000)
   the space 10944K,  82% used [0x0a950000, 0x0b2185d8, 0x0b218600, 0x0b400000)
 Metaspace       used 750K, capacity 2914K, committed 3008K, reserved 4480K
Event: 183.009 GC heap after
Heap after GC invocations=1677 (full 65):
 def new generation   total 4992K, used 512K [0x05400000, 0x05960000, 0x0a950000)
  eden space 4480K,   0% used [0x05400000, 0x05400000, 0x05860000)
  from space 512K, 100% used [0x05860000, 0x058e0000, 0x058e0000)
  to   space 512K,   0% used [0x058e0000, 0x058e0000, 0x05960000)
 tenured generation   total 10944K, used 9256K [0x0a950000, 0x0b400000, 0x15400000)
   the space 10944K,  84% used [0x0a950000, 0x0b25a020, 0x0b25a200, 0x0b400000)
 Metaspace       used 750K, capacity 2914K, committed 3008K, reserved 4480K
}
Event: 183.100 GC heap before
{Heap before GC invocations=1677 (full 65):
 def new generation   total 4992K, used 4992K [0x05400000, 0x05960000, 0x0a950000)
  eden space 4480K, 100% used [0x05400000, 0x05860000, 0x05860000)
  from space 512K, 100% used [0x05860000, 0x058e0000, 0x058e0000)
  to   space 512K,   0% used [0x058e0000, 0x058e0000, 0x05960000)
 tenured generation   total 10944K, used 9256K [0x0a950000, 0x0b400000, 0x15400000)
   the space 10944K,  84% used [0x0a950000, 0x0b25a020, 0x0b25a200, 0x0b400000)
 Metaspace       used 750K, capacity 2914K, committed 3008K, reserved 4480K
Event: 183.101 GC heap after
Heap after GC invocations=1678 (full 65):
 def new generation   total 4992K, used 511K [0x05400000, 0x05960000, 0x0a950000)
  eden space 4480K,   0% used [0x05400000, 0x05400000, 0x05860000)
  from space 512K,  99% used [0x058e0000, 0x0595fff8, 0x05960000)
  to   space 512K,   0% used [0x05860000, 0x05860000, 0x058e0000)
 tenured generation   total 10944K, used 9517K [0x0a950000, 0x0b400000, 0x15400000)
   the space 10944K,  86% used [0x0a950000, 0x0b29b600, 0x0b29b600, 0x0b400000)
 Metaspace       used 750K, capacity 2914K, committed 3008K, reserved 4480K
}
Event: 183.202 GC heap before
{Heap before GC invocations=1678 (full 65):
 def new generation   total 4992K, used 4991K [0x05400000, 0x05960000, 0x0a950000)
  eden space 4480K, 100% used [0x05400000, 0x05860000, 0x05860000)
  from space 512K,  99% used [0x058e0000, 0x0595fff8, 0x05960000)
  to   space 512K,   0% used [0x05860000, 0x05860000, 0x058e0000)
 tenured generation   total 10944K, used 9517K [0x0a950000, 0x0b400000, 0x15400000)
   the space 10944K,  86% used [0x0a950000, 0x0b29b600, 0x0b29b600, 0x0b400000)
 Metaspace       used 750K, capacity 2914K, committed 3008K, reserved 4480K
Event: 183.203 GC heap after
Heap after GC invocations=1679 (full 65):
 def new generation   total 4992K, used 511K [0x05400000, 0x05960000, 0x0a950000)
  eden space 4480K,   0% used [0x05400000, 0x05400000, 0x05860000)
  from space 512K,  99% used [0x05860000, 0x058dfff8, 0x058e0000)
  to   space 512K,   0% used [0x058e0000, 0x058e0000, 0x05960000)
 tenured generation   total 10944K, used 9776K [0x0a950000, 0x0b400000, 0x15400000)
   the space 10944K,  89% used [0x0a950000, 0x0b2dc168, 0x0b2dc200, 0x0b400000)
 Metaspace       used 750K, capacity 2914K, committed 3008K, reserved 4480K
}

