# JRE version: Java(TM) SE Runtime Environment (8.0_171-b11) (build 1.8.0_171-b11)
# Java VM: Java HotSpot(TM) Client VM (25.171-b11 mixed mode, sharing windows-x86 )
Heap:
 def new generation   total 4992K, used 3289K [0x05200000, 0x05760000, 0x0a750000)
  eden space 4480K,  62% used [0x05200000, 0x054b66b0, 0x05660000)
  from space 512K,  99% used [0x056e0000, 0x0575fff8, 0x05760000)
  to   space 512K,   0% used [0x05660000, 0x05660000, 0x056e0000)
 tenured generation   total 10944K, used 10091K [0x0a750000, 0x0b200000, 0x15200000)
   the space 10944K,  92% used [0x0a750000, 0x0b12ac88, 0x0b12ae00, 0x0b200000)
 Metaspace       used 739K, capacity 2882K, committed 3008K, reserved 4480K
GC Heap History (10 events):
Event: 162.622 GC heap before
{Heap before GC invocations=1464 (full 54):
 def new generation   total 4992K, used 4991K [0x05200000, 0x05760000, 0x0a750000)
  eden space 4480K, 100% used [0x05200000, 0x05660000, 0x05660000)
  from space 512K,  99% used [0x05660000, 0x056dfff8, 0x056e0000)
  to   space 512K,   0% used [0x056e0000, 0x056e0000, 0x05760000)
 tenured generation   total 10944K, used 8795K [0x0a750000, 0x0b200000, 0x15200000)
   the space 10944K,  80% used [0x0a750000, 0x0afe6cb8, 0x0afe6e00, 0x0b200000)
 Metaspace       used 739K, capacity 2882K, committed 3008K, reserved 4480K
Event: 162.625 GC heap after
Heap after GC invocations=1465 (full 54):
 def new generation   total 4992K, used 512K [0x05200000, 0x05760000, 0x0a750000)
  eden space 4480K,   0% used [0x05200000, 0x05200000, 0x05660000)
  from space 512K, 100% used [0x056e0000, 0x05760000, 0x05760000)
  to   space 512K,   0% used [0x05660000, 0x05660000, 0x056e0000)
 tenured generation   total 10944K, used 9054K [0x0a750000, 0x0b200000, 0x15200000)
   the space 10944K,  82% used [0x0a750000, 0x0b0278a8, 0x0b027a00, 0x0b200000)
 Metaspace       used 739K, capacity 2882K, committed 3008K, reserved 4480K
}
Event: 162.714 GC heap before
{Heap before GC invocations=1465 (full 54):
 def new generation   total 4992K, used 4992K [0x05200000, 0x05760000, 0x0a750000)
  eden space 4480K, 100% used [0x05200000, 0x05660000, 0x05660000)
  from space 512K, 100% used [0x056e0000, 0x05760000, 0x05760000)
  to   space 512K,   0% used [0x05660000, 0x05660000, 0x056e0000)
 tenured generation   total 10944K, used 9054K [0x0a750000, 0x0b200000, 0x15200000)
   the space 10944K,  82% used [0x0a750000, 0x0b0278a8, 0x0b027a00, 0x0b200000)
 Metaspace       used 739K, capacity 2882K, committed 3008K, reserved 4480K
Event: 162.715 GC heap after
Heap after GC invocations=1466 (full 54):
 def new generation   total 4992K, used 512K [0x05200000, 0x05760000, 0x0a750000)
  eden space 4480K,   0% used [0x05200000, 0x05200000, 0x05660000)
  from space 512K, 100% used [0x05660000, 0x056e0000, 0x056e0000)
  to   space 512K,   0% used [0x056e0000, 0x056e0000, 0x05760000)
 tenured generation   total 10944K, used 9313K [0x0a750000, 0x0b200000, 0x15200000)
   the space 10944K,  85% used [0x0a750000, 0x0b068628, 0x0b068800, 0x0b200000)
 Metaspace       used 739K, capacity 2882K, committed 3008K, reserved 4480K
}
Event: 162.799 GC heap before
{Heap before GC invocations=1466 (full 54):
 def new generation   total 4992K, used 4992K [0x05200000, 0x05760000, 0x0a750000)
  eden space 4480K, 100% used [0x05200000, 0x05660000, 0x05660000)
  from space 512K, 100% used [0x05660000, 0x056e0000, 0x056e0000)
  to   space 512K,   0% used [0x056e0000, 0x056e0000, 0x05760000)
 tenured generation   total 10944K, used 9313K [0x0a750000, 0x0b200000, 0x15200000)
   the space 10944K,  85% used [0x0a750000, 0x0b068628, 0x0b068800, 0x0b200000)
 Metaspace       used 739K, capacity 2882K, committed 3008K, reserved 4480K
Event: 162.800 GC heap after
Heap after GC invocations=1467 (full 54):
 def new generation   total 4992K, used 512K [0x05200000, 0x05760000, 0x0a750000)
  eden space 4480K,   0% used [0x05200000, 0x05200000, 0x05660000)
  from space 512K, 100% used [0x056e0000, 0x05760000, 0x05760000)
  to   space 512K,   0% used [0x05660000, 0x05660000, 0x056e0000)
 tenured generation   total 10944K, used 9572K [0x0a750000, 0x0b200000, 0x15200000)
   the space 10944K,  87% used [0x0a750000, 0x0b0a9308, 0x0b0a9400, 0x0b200000)
 Metaspace       used 739K, capacity 2882K, committed 3008K, reserved 4480K
}
Event: 162.892 GC heap before
{Heap before GC invocations=1467 (full 54):
 def new generation   total 4992K, used 4992K [0x05200000, 0x05760000, 0x0a750000)
  eden space 4480K, 100% used [0x05200000, 0x05660000, 0x05660000)
  from space 512K, 100% used [0x056e0000, 0x05760000, 0x05760000)
  to   space 512K,   0% used [0x05660000, 0x05660000, 0x056e0000)
 tenured generation   total 10944K, used 9572K [0x0a750000, 0x0b200000, 0x15200000)
   the space 10944K,  87% used [0x0a750000, 0x0b0a9308, 0x0b0a9400, 0x0b200000)
 Metaspace       used 739K, capacity 2882K, committed 3008K, reserved 4480K
Event: 162.894 GC heap after
Heap after GC invocations=1468 (full 54):
 def new generation   total 4992K, used 511K [0x05200000, 0x05760000, 0x0a750000)
  eden space 4480K,   0% used [0x05200000, 0x05200000, 0x05660000)
  from space 512K,  99% used [0x05660000, 0x056dfff8, 0x056e0000)
  to   space 512K,   0% used [0x056e0000, 0x056e0000, 0x05760000)
 tenured generation   total 10944K, used 9831K [0x0a750000, 0x0b200000, 0x15200000)
   the space 10944K,  89% used [0x0a750000, 0x0b0e9ff8, 0x0b0ea000, 0x0b200000)
 Metaspace       used 739K, capacity 2882K, committed 3008K, reserved 4480K
}
Event: 163.001 GC heap before
{Heap before GC invocations=1468 (full 54):
 def new generation   total 4992K, used 4991K [0x05200000, 0x05760000, 0x0a750000)
  eden space 4480K, 100% used [0x05200000, 0x05660000, 0x05660000)
  from space 512K,  99% used [0x05660000, 0x056dfff8, 0x056e0000)
  to   space 512K,   0% used [0x056e0000, 0x056e0000, 0x05760000)
 tenured generation   total 10944K, used 9831K [0x0a750000, 0x0b200000, 0x15200000)
   the space 10944K,  89% used [0x0a750000, 0x0b0e9ff8, 0x0b0ea000, 0x0b200000)
 Metaspace       used 739K, capacity 2882K, committed 3008K, reserved 4480K
Event: 163.003 GC heap after
Heap after GC invocations=1469 (full 54):
 def new generation   total 4992K, used 511K [0x05200000, 0x05760000, 0x0a750000)
  eden space 4480K,   0% used [0x05200000, 0x05200000, 0x05660000)
  from space 512K,  99% used [0x056e0000, 0x0575fff8, 0x05760000)
  to   space 512K,   0% used [0x05660000, 0x05660000, 0x056e0000)
 tenured generation   total 10944K, used 10091K [0x0a750000, 0x0b200000, 0x15200000)
   the space 10944K,  92% used [0x0a750000, 0x0b12ac88, 0x0b12ae00, 0x0b200000)
 Metaspace       used 739K, capacity 2882K, committed 3008K, reserved 4480K
}

