# JRE version: Java(TM) SE Runtime Environment (8.0_171-b11) (build 1.8.0_171-b11)
# Java VM: Java HotSpot(TM) Client VM (25.171-b11 mixed mode, sharing windows-x86 )
Heap:
 def new generation   total 4928K, used 4250K [0x05400000, 0x05950000, 0x0a950000)
  eden space 4416K,  95% used [0x05400000, 0x0581cb98, 0x05850000)
  from space 512K,   7% used [0x058d0000, 0x058da048, 0x05950000)
  to   space 512K,   0% used [0x05850000, 0x05850000, 0x058d0000)
 tenured generation   total 10944K, used 6499K [0x0a950000, 0x0b400000, 0x15400000)
   the space 10944K,  59% used [0x0a950000, 0x0afa8cb0, 0x0afa8e00, 0x0b400000)
 Metaspace       used 659K, capacity 2818K, committed 2880K, reserved 4480K
GC Heap History (10 events):
Event: 0.321 GC heap before
{Heap before GC invocations=2 (full 0):
 def new generation   total 4928K, used 4038K [0x05400000, 0x05950000, 0x0a950000)
  eden space 4416K,  79% used [0x05400000, 0x057718b8, 0x05850000)
  from space 512K, 100% used [0x05850000, 0x058d0000, 0x058d0000)
  to   space 512K,   0% used [0x058d0000, 0x058d0000, 0x05950000)
 tenured generation   total 10944K, used 2322K [0x0a950000, 0x0b400000, 0x15400000)
   the space 10944K,  21% used [0x0a950000, 0x0ab94a18, 0x0ab94c00, 0x0b400000)
 Metaspace       used 118K, capacity 2274K, committed 2368K, reserved 4480K
Event: 0.321 GC heap after
Heap after GC invocations=3 (full 0):
 def new generation   total 4928K, used 512K [0x05400000, 0x05950000, 0x0a950000)
  eden space 4416K,   0% used [0x05400000, 0x05400000, 0x05850000)
  from space 512K, 100% used [0x058d0000, 0x05950000, 0x05950000)
  to   space 512K,   0% used [0x05850000, 0x05850000, 0x058d0000)
 tenured generation   total 10944K, used 2998K [0x0a950000, 0x0b400000, 0x15400000)
   the space 10944K,  27% used [0x0a950000, 0x0ac3d9f0, 0x0ac3da00, 0x0b400000)
 Metaspace       used 118K, capacity 2274K, committed 2368K, reserved 4480K
}
Event: 0.408 GC heap before
{Heap before GC invocations=3 (full 0):
 def new generation   total 4928K, used 4902K [0x05400000, 0x05950000, 0x0a950000)
  eden space 4416K,  99% used [0x05400000, 0x058498f0, 0x05850000)
  from space 512K, 100% used [0x058d0000, 0x05950000, 0x05950000)
  to   space 512K,   0% used [0x05850000, 0x05850000, 0x058d0000)
 tenured generation   total 10944K, used 2998K [0x0a950000, 0x0b400000, 0x15400000)
   the space 10944K,  27% used [0x0a950000, 0x0ac3d9f0, 0x0ac3da00, 0x0b400000)
 Metaspace       used 277K, capacity 2434K, committed 2496K, reserved 4480K
Event: 0.409 GC heap after
Heap after GC invocations=4 (full 0):
 def new generation   total 4928K, used 167K [0x05400000, 0x05950000, 0x0a950000)
  eden space 4416K,   0% used [0x05400000, 0x05400000, 0x05850000)
  from space 512K,  32% used [0x05850000, 0x05879f18, 0x058d0000)
  to   space 512K,   0% used [0x058d0000, 0x058d0000, 0x05950000)
 tenured generation   total 10944K, used 4561K [0x0a950000, 0x0b400000, 0x15400000)
   the space 10944K,  41% used [0x0a950000, 0x0adc4520, 0x0adc4600, 0x0b400000)
 Metaspace       used 277K, capacity 2434K, committed 2496K, reserved 4480K
}
Event: 59.507 GC heap before
{Heap before GC invocations=4 (full 0):
 def new generation   total 4928K, used 4583K [0x05400000, 0x05950000, 0x0a950000)
  eden space 4416K, 100% used [0x05400000, 0x05850000, 0x05850000)
  from space 512K,  32% used [0x05850000, 0x05879f18, 0x058d0000)
  to   space 512K,   0% used [0x058d0000, 0x058d0000, 0x05950000)
 tenured generation   total 10944K, used 4561K [0x0a950000, 0x0b400000, 0x15400000)
   the space 10944K,  41% used [0x0a950000, 0x0adc4520, 0x0adc4600, 0x0b400000)
 Metaspace       used 653K, capacity 2818K, committed 2880K, reserved 4480K
Event: 59.511 GC heap after
Heap after GC invocations=5 (full 0):
 def new generation   total 4928K, used 512K [0x05400000, 0x05950000, 0x0a950000)
  eden space 4416K,   0% used [0x05400000, 0x05400000, 0x05850000)
  from space 512K, 100% used [0x058d0000, 0x05950000, 0x05950000)
  to   space 512K,   0% used [0x05850000, 0x05850000, 0x058d0000)
 tenured generation   total 10944K, used 5990K [0x0a950000, 0x0b400000, 0x15400000)
   the space 10944K,  54% used [0x0a950000, 0x0af29bd8, 0x0af29c00, 0x0b400000)
 Metaspace       used 653K, capacity 2818K, committed 2880K, reserved 4480K
}
Event: 59.566 GC heap before
{Heap before GC invocations=5 (full 0):
 def new generation   total 4928K, used 4928K [0x05400000, 0x05950000, 0x0a950000)
  eden space 4416K, 100% used [0x05400000, 0x05850000, 0x05850000)
  from space 512K, 100% used [0x058d0000, 0x05950000, 0x05950000)
  to   space 512K,   0% used [0x05850000, 0x05850000, 0x058d0000)
 tenured generation   total 10944K, used 5990K [0x0a950000, 0x0b400000, 0x15400000)
   the space 10944K,  54% used [0x0a950000, 0x0af29bd8, 0x0af29c00, 0x0b400000)
 Metaspace       used 653K, capacity 2818K, committed 2880K, reserved 4480K
Event: 59.567 GC heap after
Heap after GC invocations=6 (full 0):
 def new generation   total 4928K, used 23K [0x05400000, 0x05950000, 0x0a950000)
  eden space 4416K,   0% used [0x05400000, 0x05400000, 0x05850000)
  from space 512K,   4% used [0x05850000, 0x05855f78, 0x058d0000)
  to   space 512K,   0% used [0x058d0000, 0x058d0000, 0x05950000)
 tenured generation   total 10944K, used 6499K [0x0a950000, 0x0b400000, 0x15400000)
   the space 10944K,  59% used [0x0a950000, 0x0afa8cb0, 0x0afa8e00, 0x0b400000)
 Metaspace       used 653K, capacity 2818K, committed 2880K, reserved 4480K
}
Event: 59.644 GC heap before
{Heap before GC invocations=6 (full 0):
 def new generation   total 4928K, used 4439K [0x05400000, 0x05950000, 0x0a950000)
  eden space 4416K, 100% used [0x05400000, 0x05850000, 0x05850000)
  from space 512K,   4% used [0x05850000, 0x05855f78, 0x058d0000)
  to   space 512K,   0% used [0x058d0000, 0x058d0000, 0x05950000)
 tenured generation   total 10944K, used 6499K [0x0a950000, 0x0b400000, 0x15400000)
   the space 10944K,  59% used [0x0a950000, 0x0afa8cb0, 0x0afa8e00, 0x0b400000)
 Metaspace       used 653K, capacity 2818K, committed 2880K, reserved 4480K
Event: 59.645 GC heap after
Heap after GC invocations=7 (full 0):
 def new generation   total 4928K, used 40K [0x05400000, 0x05950000, 0x0a950000)
  eden space 4416K,   0% used [0x05400000, 0x05400000, 0x05850000)
  from space 512K,   7% used [0x058d0000, 0x058da048, 0x05950000)
  to   space 512K,   0% used [0x05850000, 0x05850000, 0x058d0000)
 tenured generation   total 10944K, used 6499K [0x0a950000, 0x0b400000, 0x15400000)
   the space 10944K,  59% used [0x0a950000, 0x0afa8cb0, 0x0afa8e00, 0x0b400000)
 Metaspace       used 653K, capacity 2818K, committed 2880K, reserved 4480K
}

