# JRE version: Java(TM) SE Runtime Environment (8.0_181-b13) (build 1.8.0_181-b13)
# Java VM: Java HotSpot(TM) Client VM (25.181-b13 mixed mode windows-x86 )
Heap:
 def new generation   total 4992K, used 3020K [0x05600000, 0x05b60000, 0x0ab50000)
  eden space 4480K,  56% used [0x05600000, 0x05873378, 0x05a60000)
  from space 512K, 100% used [0x05a60000, 0x05ae0000, 0x05ae0000)
  to   space 512K,   0% used [0x05ae0000, 0x05ae0000, 0x05b60000)
 tenured generation   total 10944K, used 8009K [0x0ab50000, 0x0b600000, 0x15600000)
   the space 10944K,  73% used [0x0ab50000, 0x0b322628, 0x0b322800, 0x0b600000)
 Metaspace       used 2580K, capacity 2978K, committed 3008K, reserved 4480K
GC Heap History (10 events):
Event: 51.340 GC heap before
{Heap before GC invocations=922 (full 34):
 def new generation   total 4992K, used 4992K [0x05600000, 0x05b60000, 0x0ab50000)
  eden space 4480K, 100% used [0x05600000, 0x05a60000, 0x05a60000)
  from space 512K, 100% used [0x05ae0000, 0x05b60000, 0x05b60000)
  to   space 512K,   0% used [0x05a60000, 0x05a60000, 0x05ae0000)
 tenured generation   total 10944K, used 6713K [0x0ab50000, 0x0b600000, 0x15600000)
   the space 10944K,  61% used [0x0ab50000, 0x0b1de430, 0x0b1de600, 0x0b600000)
 Metaspace       used 2580K, capacity 2978K, committed 3008K, reserved 4480K
Event: 51.342 GC heap after
Heap after GC invocations=923 (full 34):
 def new generation   total 4992K, used 512K [0x05600000, 0x05b60000, 0x0ab50000)
  eden space 4480K,   0% used [0x05600000, 0x05600000, 0x05a60000)
  from space 512K, 100% used [0x05a60000, 0x05ae0000, 0x05ae0000)
  to   space 512K,   0% used [0x05ae0000, 0x05ae0000, 0x05b60000)
 tenured generation   total 10944K, used 6971K [0x0ab50000, 0x0b600000, 0x15600000)
   the space 10944K,  63% used [0x0ab50000, 0x0b21efd8, 0x0b21f000, 0x0b600000)
 Metaspace       used 2580K, capacity 2978K, committed 3008K, reserved 4480K
}
Event: 51.390 GC heap before
{Heap before GC invocations=923 (full 34):
 def new generation   total 4992K, used 4992K [0x05600000, 0x05b60000, 0x0ab50000)
  eden space 4480K, 100% used [0x05600000, 0x05a60000, 0x05a60000)
  from space 512K, 100% used [0x05a60000, 0x05ae0000, 0x05ae0000)
  to   space 512K,   0% used [0x05ae0000, 0x05ae0000, 0x05b60000)
 tenured generation   total 10944K, used 6971K [0x0ab50000, 0x0b600000, 0x15600000)
   the space 10944K,  63% used [0x0ab50000, 0x0b21efd8, 0x0b21f000, 0x0b600000)
 Metaspace       used 2580K, capacity 2978K, committed 3008K, reserved 4480K
Event: 51.391 GC heap after
Heap after GC invocations=924 (full 34):
 def new generation   total 4992K, used 512K [0x05600000, 0x05b60000, 0x0ab50000)
  eden space 4480K,   0% used [0x05600000, 0x05600000, 0x05a60000)
  from space 512K, 100% used [0x05ae0000, 0x05b60000, 0x05b60000)
  to   space 512K,   0% used [0x05a60000, 0x05a60000, 0x05ae0000)
 tenured generation   total 10944K, used 7230K [0x0ab50000, 0x0b600000, 0x15600000)
   the space 10944K,  66% used [0x0ab50000, 0x0b25fbb0, 0x0b25fc00, 0x0b600000)
 Metaspace       used 2580K, capacity 2978K, committed 3008K, reserved 4480K
}
Event: 51.444 GC heap before
{Heap before GC invocations=924 (full 34):
 def new generation   total 4992K, used 4992K [0x05600000, 0x05b60000, 0x0ab50000)
  eden space 4480K, 100% used [0x05600000, 0x05a60000, 0x05a60000)
  from space 512K, 100% used [0x05ae0000, 0x05b60000, 0x05b60000)
  to   space 512K,   0% used [0x05a60000, 0x05a60000, 0x05ae0000)
 tenured generation   total 10944K, used 7230K [0x0ab50000, 0x0b600000, 0x15600000)
   the space 10944K,  66% used [0x0ab50000, 0x0b25fbb0, 0x0b25fc00, 0x0b600000)
 Metaspace       used 2580K, capacity 2978K, committed 3008K, reserved 4480K
Event: 51.445 GC heap after
Heap after GC invocations=925 (full 34):
 def new generation   total 4992K, used 512K [0x05600000, 0x05b60000, 0x0ab50000)
  eden space 4480K,   0% used [0x05600000, 0x05600000, 0x05a60000)
  from space 512K, 100% used [0x05a60000, 0x05ae0000, 0x05ae0000)
  to   space 512K,   0% used [0x05ae0000, 0x05ae0000, 0x05b60000)
 tenured generation   total 10944K, used 7489K [0x0ab50000, 0x0b600000, 0x15600000)
   the space 10944K,  68% used [0x0ab50000, 0x0b2a07e8, 0x0b2a0800, 0x0b600000)
 Metaspace       used 2580K, capacity 2978K, committed 3008K, reserved 4480K
}
Event: 51.499 GC heap before
{Heap before GC invocations=925 (full 34):
 def new generation   total 4992K, used 4992K [0x05600000, 0x05b60000, 0x0ab50000)
  eden space 4480K, 100% used [0x05600000, 0x05a60000, 0x05a60000)
  from space 512K, 100% used [0x05a60000, 0x05ae0000, 0x05ae0000)
  to   space 512K,   0% used [0x05ae0000, 0x05ae0000, 0x05b60000)
 tenured generation   total 10944K, used 7489K [0x0ab50000, 0x0b600000, 0x15600000)
   the space 10944K,  68% used [0x0ab50000, 0x0b2a07e8, 0x0b2a0800, 0x0b600000)
 Metaspace       used 2580K, capacity 2978K, committed 3008K, reserved 4480K
Event: 51.500 GC heap after
Heap after GC invocations=926 (full 34):
 def new generation   total 4992K, used 512K [0x05600000, 0x05b60000, 0x0ab50000)
  eden space 4480K,   0% used [0x05600000, 0x05600000, 0x05a60000)
  from space 512K, 100% used [0x05ae0000, 0x05b60000, 0x05b60000)
  to   space 512K,   0% used [0x05a60000, 0x05a60000, 0x05ae0000)
 tenured generation   total 10944K, used 7750K [0x0ab50000, 0x0b600000, 0x15600000)
   the space 10944K,  70% used [0x0ab50000, 0x0b2e1a08, 0x0b2e1c00, 0x0b600000)
 Metaspace       used 2580K, capacity 2978K, committed 3008K, reserved 4480K
}
Event: 51.554 GC heap before
{Heap before GC invocations=926 (full 34):
 def new generation   total 4992K, used 4992K [0x05600000, 0x05b60000, 0x0ab50000)
  eden space 4480K, 100% used [0x05600000, 0x05a60000, 0x05a60000)
  from space 512K, 100% used [0x05ae0000, 0x05b60000, 0x05b60000)
  to   space 512K,   0% used [0x05a60000, 0x05a60000, 0x05ae0000)
 tenured generation   total 10944K, used 7750K [0x0ab50000, 0x0b600000, 0x15600000)
   the space 10944K,  70% used [0x0ab50000, 0x0b2e1a08, 0x0b2e1c00, 0x0b600000)
 Metaspace       used 2580K, capacity 2978K, committed 3008K, reserved 4480K
Event: 51.555 GC heap after
Heap after GC invocations=927 (full 34):
 def new generation   total 4992K, used 512K [0x05600000, 0x05b60000, 0x0ab50000)
  eden space 4480K,   0% used [0x05600000, 0x05600000, 0x05a60000)
  from space 512K, 100% used [0x05a60000, 0x05ae0000, 0x05ae0000)
  to   space 512K,   0% used [0x05ae0000, 0x05ae0000, 0x05b60000)
 tenured generation   total 10944K, used 8009K [0x0ab50000, 0x0b600000, 0x15600000)
   the space 10944K,  73% used [0x0ab50000, 0x0b322628, 0x0b322800, 0x0b600000)
 Metaspace       used 2580K, capacity 2978K, committed 3008K, reserved 4480K
}

