# JRE version: Java(TM) SE Runtime Environment (8.0_181-b13) (build 1.8.0_181-b13)
# Java VM: Java HotSpot(TM) Client VM (25.181-b13 mixed mode, sharing windows-x86 )
Heap:
 def new generation   total 4992K, used 891K [0x04c00000, 0x05160000, 0x0a150000)
  eden space 4480K,   8% used [0x04c00000, 0x04c5eee8, 0x05060000)
  from space 512K, 100% used [0x050e0000, 0x05160000, 0x05160000)
  to   space 512K,   0% used [0x05060000, 0x05060000, 0x050e0000)
 tenured generation   total 10944K, used 10682K [0x0a150000, 0x0ac00000, 0x14c00000)
   the space 10944K,  97% used [0x0a150000, 0x0abbebe8, 0x0abbec00, 0x0ac00000)
 Metaspace       used 801K, capacity 2946K, committed 3008K, reserved 4480K
GC Heap History (10 events):
Event: 49.204 GC heap before
{Heap before GC invocations=1064 (full 39):
 def new generation   total 4992K, used 4992K [0x04c00000, 0x05160000, 0x0a150000)
  eden space 4480K, 100% used [0x04c00000, 0x05060000, 0x05060000)
  from space 512K, 100% used [0x05060000, 0x050e0000, 0x050e0000)
  to   space 512K,   0% used [0x050e0000, 0x050e0000, 0x05160000)
 tenured generation   total 10944K, used 8825K [0x0a150000, 0x0ac00000, 0x14c00000)
   the space 10944K,  80% used [0x0a150000, 0x0a9ee570, 0x0a9ee600, 0x0ac00000)
 Metaspace       used 759K, capacity 2914K, committed 3008K, reserved 4480K
Event: 49.205 GC heap after
Heap after GC invocations=1065 (full 39):
 def new generation   total 4992K, used 512K [0x04c00000, 0x05160000, 0x0a150000)
  eden space 4480K,   0% used [0x04c00000, 0x04c00000, 0x05060000)
  from space 512K, 100% used [0x050e0000, 0x05160000, 0x05160000)
  to   space 512K,   0% used [0x05060000, 0x05060000, 0x050e0000)
 tenured generation   total 10944K, used 9083K [0x0a150000, 0x0ac00000, 0x14c00000)
   the space 10944K,  83% used [0x0a150000, 0x0aa2eed0, 0x0aa2f000, 0x0ac00000)
 Metaspace       used 759K, capacity 2914K, committed 3008K, reserved 4480K
}
Event: 49.252 GC heap before
{Heap before GC invocations=1065 (full 39):
 def new generation   total 4992K, used 4992K [0x04c00000, 0x05160000, 0x0a150000)
  eden space 4480K, 100% used [0x04c00000, 0x05060000, 0x05060000)
  from space 512K, 100% used [0x050e0000, 0x05160000, 0x05160000)
  to   space 512K,   0% used [0x05060000, 0x05060000, 0x050e0000)
 tenured generation   total 10944K, used 9083K [0x0a150000, 0x0ac00000, 0x14c00000)
   the space 10944K,  83% used [0x0a150000, 0x0aa2eed0, 0x0aa2f000, 0x0ac00000)
 Metaspace       used 759K, capacity 2914K, committed 3008K, reserved 4480K
Event: 49.253 GC heap after
Heap after GC invocations=1066 (full 39):
 def new generation   total 4992K, used 512K [0x04c00000, 0x05160000, 0x0a150000)
  eden space 4480K,   0% used [0x04c00000, 0x04c00000, 0x05060000)
  from space 512K, 100% used [0x05060000, 0x050e0000, 0x050e0000)
  to   space 512K,   0% used [0x050e0000, 0x050e0000, 0x05160000)
 tenured generation   total 10944K, used 9341K [0x0a150000, 0x0ac00000, 0x14c00000)
   the space 10944K,  85% used [0x0a150000, 0x0aa6f610, 0x0aa6f800, 0x0ac00000)
 Metaspace       used 759K, capacity 2914K, committed 3008K, reserved 4480K
}
Event: 49.302 GC heap before
{Heap before GC invocations=1066 (full 39):
 def new generation   total 4992K, used 4992K [0x04c00000, 0x05160000, 0x0a150000)
  eden space 4480K, 100% used [0x04c00000, 0x05060000, 0x05060000)
  from space 512K, 100% used [0x05060000, 0x050e0000, 0x050e0000)
  to   space 512K,   0% used [0x050e0000, 0x050e0000, 0x05160000)
 tenured generation   total 10944K, used 9341K [0x0a150000, 0x0ac00000, 0x14c00000)
   the space 10944K,  85% used [0x0a150000, 0x0aa6f610, 0x0aa6f800, 0x0ac00000)
 Metaspace       used 759K, capacity 2914K, committed 3008K, reserved 4480K
Event: 49.303 GC heap after
Heap after GC invocations=1067 (full 39):
 def new generation   total 4992K, used 512K [0x04c00000, 0x05160000, 0x0a150000)
  eden space 4480K,   0% used [0x04c00000, 0x04c00000, 0x05060000)
  from space 512K, 100% used [0x050e0000, 0x05160000, 0x05160000)
  to   space 512K,   0% used [0x05060000, 0x05060000, 0x050e0000)
 tenured generation   total 10944K, used 9694K [0x0a150000, 0x0ac00000, 0x14c00000)
   the space 10944K,  88% used [0x0a150000, 0x0aac7bf0, 0x0aac7c00, 0x0ac00000)
 Metaspace       used 759K, capacity 2914K, committed 3008K, reserved 4480K
}
Event: 49.380 GC heap before
{Heap before GC invocations=1067 (full 39):
 def new generation   total 4992K, used 4992K [0x04c00000, 0x05160000, 0x0a150000)
  eden space 4480K, 100% used [0x04c00000, 0x05060000, 0x05060000)
  from space 512K, 100% used [0x050e0000, 0x05160000, 0x05160000)
  to   space 512K,   0% used [0x05060000, 0x05060000, 0x050e0000)
 tenured generation   total 10944K, used 9694K [0x0a150000, 0x0ac00000, 0x14c00000)
   the space 10944K,  88% used [0x0a150000, 0x0aac7bf0, 0x0aac7c00, 0x0ac00000)
 Metaspace       used 759K, capacity 2914K, committed 3008K, reserved 4480K
Event: 49.382 GC heap after
Heap after GC invocations=1068 (full 39):
 def new generation   total 4992K, used 203K [0x04c00000, 0x05160000, 0x0a150000)
  eden space 4480K,   0% used [0x04c00000, 0x04c00000, 0x05060000)
  from space 512K,  39% used [0x05060000, 0x05092e80, 0x050e0000)
  to   space 512K,   0% used [0x050e0000, 0x050e0000, 0x05160000)
 tenured generation   total 10944K, used 10206K [0x0a150000, 0x0ac00000, 0x14c00000)
   the space 10944K,  93% used [0x0a150000, 0x0ab47be0, 0x0ab47c00, 0x0ac00000)
 Metaspace       used 759K, capacity 2914K, committed 3008K, reserved 4480K
}
Event: 49.704 GC heap before
{Heap before GC invocations=1068 (full 39):
 def new generation   total 4992K, used 4683K [0x04c00000, 0x05160000, 0x0a150000)
  eden space 4480K, 100% used [0x04c00000, 0x05060000, 0x05060000)
  from space 512K,  39% used [0x05060000, 0x05092e80, 0x050e0000)
  to   space 512K,   0% used [0x050e0000, 0x050e0000, 0x05160000)
 tenured generation   total 10944K, used 10206K [0x0a150000, 0x0ac00000, 0x14c00000)
   the space 10944K,  93% used [0x0a150000, 0x0ab47be0, 0x0ab47c00, 0x0ac00000)
 Metaspace       used 759K, capacity 2914K, committed 3008K, reserved 4480K
Event: 49.706 GC heap after
Heap after GC invocations=1069 (full 39):
 def new generation   total 4992K, used 512K [0x04c00000, 0x05160000, 0x0a150000)
  eden space 4480K,   0% used [0x04c00000, 0x04c00000, 0x05060000)
  from space 512K, 100% used [0x050e0000, 0x05160000, 0x05160000)
  to   space 512K,   0% used [0x05060000, 0x05060000, 0x050e0000)
 tenured generation   total 10944K, used 10682K [0x0a150000, 0x0ac00000, 0x14c00000)
   the space 10944K,  97% used [0x0a150000, 0x0abbebe8, 0x0abbec00, 0x0ac00000)
 Metaspace       used 759K, capacity 2914K, committed 3008K, reserved 4480K
}

