# JRE version: Java(TM) SE Runtime Environment (8.0_181-b13) (build 1.8.0_181-b13)
# Java VM: Java HotSpot(TM) Client VM (25.181-b13 mixed mode, sharing windows-x86 )
Heap:
 def new generation   total 4992K, used 3468K [0x04800000, 0x04d60000, 0x09d50000)
  eden space 4480K,  66% used [0x04800000, 0x04ae3380, 0x04c60000)
  from space 512K, 100% used [0x04c60000, 0x04ce0000, 0x04ce0000)
  to   space 512K,   0% used [0x04ce0000, 0x04ce0000, 0x04d60000)
 tenured generation   total 10944K, used 6450K [0x09d50000, 0x0a800000, 0x14800000)
   the space 10944K,  58% used [0x09d50000, 0x0a39c928, 0x0a39ca00, 0x0a800000)
 Metaspace       used 804K, capacity 2946K, committed 3008K, reserved 4480K
GC Heap History (10 events):
Event: 56.631 GC heap before
{Heap before GC invocations=1020 (full 38):
 def new generation   total 4992K, used 4991K [0x04800000, 0x04d60000, 0x09d50000)
  eden space 4480K, 100% used [0x04800000, 0x04c60000, 0x04c60000)
  from space 512K,  99% used [0x04ce0000, 0x04d5fff8, 0x04d60000)
  to   space 512K,   0% used [0x04c60000, 0x04c60000, 0x04ce0000)
 tenured generation   total 10944K, used 5155K [0x09d50000, 0x0a800000, 0x14800000)
   the space 10944K,  47% used [0x09d50000, 0x0a258f80, 0x0a259000, 0x0a800000)
 Metaspace       used 803K, capacity 2946K, committed 3008K, reserved 4480K
Event: 56.632 GC heap after
Heap after GC invocations=1021 (full 38):
 def new generation   total 4992K, used 512K [0x04800000, 0x04d60000, 0x09d50000)
  eden space 4480K,   0% used [0x04800000, 0x04800000, 0x04c60000)
  from space 512K, 100% used [0x04c60000, 0x04ce0000, 0x04ce0000)
  to   space 512K,   0% used [0x04ce0000, 0x04ce0000, 0x04d60000)
 tenured generation   total 10944K, used 5414K [0x09d50000, 0x0a800000, 0x14800000)
   the space 10944K,  49% used [0x09d50000, 0x0a299850, 0x0a299a00, 0x0a800000)
 Metaspace       used 803K, capacity 2946K, committed 3008K, reserved 4480K
}
Event: 56.677 GC heap before
{Heap before GC invocations=1021 (full 38):
 def new generation   total 4992K, used 4992K [0x04800000, 0x04d60000, 0x09d50000)
  eden space 4480K, 100% used [0x04800000, 0x04c60000, 0x04c60000)
  from space 512K, 100% used [0x04c60000, 0x04ce0000, 0x04ce0000)
  to   space 512K,   0% used [0x04ce0000, 0x04ce0000, 0x04d60000)
 tenured generation   total 10944K, used 5414K [0x09d50000, 0x0a800000, 0x14800000)
   the space 10944K,  49% used [0x09d50000, 0x0a299850, 0x0a299a00, 0x0a800000)
 Metaspace       used 803K, capacity 2946K, committed 3008K, reserved 4480K
Event: 56.678 GC heap after
Heap after GC invocations=1022 (full 38):
 def new generation   total 4992K, used 511K [0x04800000, 0x04d60000, 0x09d50000)
  eden space 4480K,   0% used [0x04800000, 0x04800000, 0x04c60000)
  from space 512K,  99% used [0x04ce0000, 0x04d5fff8, 0x04d60000)
  to   space 512K,   0% used [0x04c60000, 0x04c60000, 0x04ce0000)
 tenured generation   total 10944K, used 5673K [0x09d50000, 0x0a800000, 0x14800000)
   the space 10944K,  51% used [0x09d50000, 0x0a2da4e0, 0x0a2da600, 0x0a800000)
 Metaspace       used 803K, capacity 2946K, committed 3008K, reserved 4480K
}
Event: 56.727 GC heap before
{Heap before GC invocations=1022 (full 38):
 def new generation   total 4992K, used 4991K [0x04800000, 0x04d60000, 0x09d50000)
  eden space 4480K, 100% used [0x04800000, 0x04c60000, 0x04c60000)
  from space 512K,  99% used [0x04ce0000, 0x04d5fff8, 0x04d60000)
  to   space 512K,   0% used [0x04c60000, 0x04c60000, 0x04ce0000)
 tenured generation   total 10944K, used 5673K [0x09d50000, 0x0a800000, 0x14800000)
   the space 10944K,  51% used [0x09d50000, 0x0a2da4e0, 0x0a2da600, 0x0a800000)
 Metaspace       used 803K, capacity 2946K, committed 3008K, reserved 4480K
Event: 56.728 GC heap after
Heap after GC invocations=1023 (full 38):
 def new generation   total 4992K, used 511K [0x04800000, 0x04d60000, 0x09d50000)
  eden space 4480K,   0% used [0x04800000, 0x04800000, 0x04c60000)
  from space 512K,  99% used [0x04c60000, 0x04cdfff8, 0x04ce0000)
  to   space 512K,   0% used [0x04ce0000, 0x04ce0000, 0x04d60000)
 tenured generation   total 10944K, used 5932K [0x09d50000, 0x0a800000, 0x14800000)
   the space 10944K,  54% used [0x09d50000, 0x0a31b0f8, 0x0a31b200, 0x0a800000)
 Metaspace       used 803K, capacity 2946K, committed 3008K, reserved 4480K
}
Event: 56.781 GC heap before
{Heap before GC invocations=1023 (full 38):
 def new generation   total 4992K, used 4991K [0x04800000, 0x04d60000, 0x09d50000)
  eden space 4480K, 100% used [0x04800000, 0x04c60000, 0x04c60000)
  from space 512K,  99% used [0x04c60000, 0x04cdfff8, 0x04ce0000)
  to   space 512K,   0% used [0x04ce0000, 0x04ce0000, 0x04d60000)
 tenured generation   total 10944K, used 5932K [0x09d50000, 0x0a800000, 0x14800000)
   the space 10944K,  54% used [0x09d50000, 0x0a31b0f8, 0x0a31b200, 0x0a800000)
 Metaspace       used 803K, capacity 2946K, committed 3008K, reserved 4480K
Event: 56.782 GC heap after
Heap after GC invocations=1024 (full 38):
 def new generation   total 4992K, used 511K [0x04800000, 0x04d60000, 0x09d50000)
  eden space 4480K,   0% used [0x04800000, 0x04800000, 0x04c60000)
  from space 512K,  99% used [0x04ce0000, 0x04d5fff8, 0x04d60000)
  to   space 512K,   0% used [0x04c60000, 0x04c60000, 0x04ce0000)
 tenured generation   total 10944K, used 6191K [0x09d50000, 0x0a800000, 0x14800000)
   the space 10944K,  56% used [0x09d50000, 0x0a35bcf8, 0x0a35be00, 0x0a800000)
 Metaspace       used 803K, capacity 2946K, committed 3008K, reserved 4480K
}
Event: 56.829 GC heap before
{Heap before GC invocations=1024 (full 38):
 def new generation   total 4992K, used 4991K [0x04800000, 0x04d60000, 0x09d50000)
  eden space 4480K, 100% used [0x04800000, 0x04c60000, 0x04c60000)
  from space 512K,  99% used [0x04ce0000, 0x04d5fff8, 0x04d60000)
  to   space 512K,   0% used [0x04c60000, 0x04c60000, 0x04ce0000)
 tenured generation   total 10944K, used 6191K [0x09d50000, 0x0a800000, 0x14800000)
   the space 10944K,  56% used [0x09d50000, 0x0a35bcf8, 0x0a35be00, 0x0a800000)
 Metaspace       used 803K, capacity 2946K, committed 3008K, reserved 4480K
Event: 56.830 GC heap after
Heap after GC invocations=1025 (full 38):
 def new generation   total 4992K, used 512K [0x04800000, 0x04d60000, 0x09d50000)
  eden space 4480K,   0% used [0x04800000, 0x04800000, 0x04c60000)
  from space 512K, 100% used [0x04c60000, 0x04ce0000, 0x04ce0000)
  to   space 512K,   0% used [0x04ce0000, 0x04ce0000, 0x04d60000)
 tenured generation   total 10944K, used 6450K [0x09d50000, 0x0a800000, 0x14800000)
   the space 10944K,  58% used [0x09d50000, 0x0a39c928, 0x0a39ca00, 0x0a800000)
 Metaspace       used 803K, capacity 2946K, committed 3008K, reserved 4480K
}

