# JRE version: Java(TM) SE Runtime Environment (8.0_181-b13) (build 1.8.0_181-b13)
# Java VM: Java HotSpot(TM) Client VM (25.181-b13 mixed mode windows-x86 )
Heap:
 def new generation   total 4992K, used 2752K [0x05200000, 0x05760000, 0x0a750000)
  eden space 4480K,  50% used [0x05200000, 0x05430058, 0x05660000)
  from space 512K, 100% used [0x05660000, 0x056e0000, 0x056e0000)
  to   space 512K,   0% used [0x056e0000, 0x056e0000, 0x05760000)
 tenured generation   total 10944K, used 5930K [0x0a750000, 0x0b200000, 0x15200000)
   the space 10944K,  54% used [0x0a750000, 0x0ad1a8c8, 0x0ad1aa00, 0x0b200000)
 Metaspace       used 2550K, capacity 2946K, committed 3008K, reserved 4480K
GC Heap History (10 events):
Event: 59.185 GC heap before
{Heap before GC invocations=1070 (full 40):
 def new generation   total 4992K, used 4992K [0x05200000, 0x05760000, 0x0a750000)
  eden space 4480K, 100% used [0x05200000, 0x05660000, 0x05660000)
  from space 512K, 100% used [0x056e0000, 0x05760000, 0x05760000)
  to   space 512K,   0% used [0x05660000, 0x05660000, 0x056e0000)
 tenured generation   total 10944K, used 4635K [0x0a750000, 0x0b200000, 0x15200000)
   the space 10944K,  42% used [0x0a750000, 0x0abd6fe8, 0x0abd7000, 0x0b200000)
 Metaspace       used 2550K, capacity 2946K, committed 3008K, reserved 4480K
Event: 59.187 GC heap after
Heap after GC invocations=1071 (full 40):
 def new generation   total 4992K, used 512K [0x05200000, 0x05760000, 0x0a750000)
  eden space 4480K,   0% used [0x05200000, 0x05200000, 0x05660000)
  from space 512K, 100% used [0x05660000, 0x056e0000, 0x056e0000)
  to   space 512K,   0% used [0x056e0000, 0x056e0000, 0x05760000)
 tenured generation   total 10944K, used 4895K [0x0a750000, 0x0b200000, 0x15200000)
   the space 10944K,  44% used [0x0a750000, 0x0ac17e78, 0x0ac18000, 0x0b200000)
 Metaspace       used 2550K, capacity 2946K, committed 3008K, reserved 4480K
}
Event: 59.242 GC heap before
{Heap before GC invocations=1071 (full 40):
 def new generation   total 4992K, used 4992K [0x05200000, 0x05760000, 0x0a750000)
  eden space 4480K, 100% used [0x05200000, 0x05660000, 0x05660000)
  from space 512K, 100% used [0x05660000, 0x056e0000, 0x056e0000)
  to   space 512K,   0% used [0x056e0000, 0x056e0000, 0x05760000)
 tenured generation   total 10944K, used 4895K [0x0a750000, 0x0b200000, 0x15200000)
   the space 10944K,  44% used [0x0a750000, 0x0ac17e78, 0x0ac18000, 0x0b200000)
 Metaspace       used 2550K, capacity 2946K, committed 3008K, reserved 4480K
Event: 59.243 GC heap after
Heap after GC invocations=1072 (full 40):
 def new generation   total 4992K, used 511K [0x05200000, 0x05760000, 0x0a750000)
  eden space 4480K,   0% used [0x05200000, 0x05200000, 0x05660000)
  from space 512K,  99% used [0x056e0000, 0x0575fff8, 0x05760000)
  to   space 512K,   0% used [0x05660000, 0x05660000, 0x056e0000)
 tenured generation   total 10944K, used 5154K [0x0a750000, 0x0b200000, 0x15200000)
   the space 10944K,  47% used [0x0a750000, 0x0ac58b78, 0x0ac58c00, 0x0b200000)
 Metaspace       used 2550K, capacity 2946K, committed 3008K, reserved 4480K
}
Event: 59.291 GC heap before
{Heap before GC invocations=1072 (full 40):
 def new generation   total 4992K, used 4991K [0x05200000, 0x05760000, 0x0a750000)
  eden space 4480K, 100% used [0x05200000, 0x05660000, 0x05660000)
  from space 512K,  99% used [0x056e0000, 0x0575fff8, 0x05760000)
  to   space 512K,   0% used [0x05660000, 0x05660000, 0x056e0000)
 tenured generation   total 10944K, used 5154K [0x0a750000, 0x0b200000, 0x15200000)
   the space 10944K,  47% used [0x0a750000, 0x0ac58b78, 0x0ac58c00, 0x0b200000)
 Metaspace       used 2550K, capacity 2946K, committed 3008K, reserved 4480K
Event: 59.292 GC heap after
Heap after GC invocations=1073 (full 40):
 def new generation   total 4992K, used 511K [0x05200000, 0x05760000, 0x0a750000)
  eden space 4480K,   0% used [0x05200000, 0x05200000, 0x05660000)
  from space 512K,  99% used [0x05660000, 0x056dfff8, 0x056e0000)
  to   space 512K,   0% used [0x056e0000, 0x056e0000, 0x05760000)
 tenured generation   total 10944K, used 5413K [0x0a750000, 0x0b200000, 0x15200000)
   the space 10944K,  49% used [0x0a750000, 0x0ac994f8, 0x0ac99600, 0x0b200000)
 Metaspace       used 2550K, capacity 2946K, committed 3008K, reserved 4480K
}
Event: 59.340 GC heap before
{Heap before GC invocations=1073 (full 40):
 def new generation   total 4992K, used 4991K [0x05200000, 0x05760000, 0x0a750000)
  eden space 4480K, 100% used [0x05200000, 0x05660000, 0x05660000)
  from space 512K,  99% used [0x05660000, 0x056dfff8, 0x056e0000)
  to   space 512K,   0% used [0x056e0000, 0x056e0000, 0x05760000)
 tenured generation   total 10944K, used 5413K [0x0a750000, 0x0b200000, 0x15200000)
   the space 10944K,  49% used [0x0a750000, 0x0ac994f8, 0x0ac99600, 0x0b200000)
 Metaspace       used 2550K, capacity 2946K, committed 3008K, reserved 4480K
Event: 59.341 GC heap after
Heap after GC invocations=1074 (full 40):
 def new generation   total 4992K, used 512K [0x05200000, 0x05760000, 0x0a750000)
  eden space 4480K,   0% used [0x05200000, 0x05200000, 0x05660000)
  from space 512K, 100% used [0x056e0000, 0x05760000, 0x05760000)
  to   space 512K,   0% used [0x05660000, 0x05660000, 0x056e0000)
 tenured generation   total 10944K, used 5671K [0x0a750000, 0x0b200000, 0x15200000)
   the space 10944K,  51% used [0x0a750000, 0x0acd9ee0, 0x0acda000, 0x0b200000)
 Metaspace       used 2550K, capacity 2946K, committed 3008K, reserved 4480K
}
Event: 59.389 GC heap before
{Heap before GC invocations=1074 (full 40):
 def new generation   total 4992K, used 4992K [0x05200000, 0x05760000, 0x0a750000)
  eden space 4480K, 100% used [0x05200000, 0x05660000, 0x05660000)
  from space 512K, 100% used [0x056e0000, 0x05760000, 0x05760000)
  to   space 512K,   0% used [0x05660000, 0x05660000, 0x056e0000)
 tenured generation   total 10944K, used 5671K [0x0a750000, 0x0b200000, 0x15200000)
   the space 10944K,  51% used [0x0a750000, 0x0acd9ee0, 0x0acda000, 0x0b200000)
 Metaspace       used 2550K, capacity 2946K, committed 3008K, reserved 4480K
Event: 59.390 GC heap after
Heap after GC invocations=1075 (full 40):
 def new generation   total 4992K, used 512K [0x05200000, 0x05760000, 0x0a750000)
  eden space 4480K,   0% used [0x05200000, 0x05200000, 0x05660000)
  from space 512K, 100% used [0x05660000, 0x056e0000, 0x056e0000)
  to   space 512K,   0% used [0x056e0000, 0x056e0000, 0x05760000)
 tenured generation   total 10944K, used 5930K [0x0a750000, 0x0b200000, 0x15200000)
   the space 10944K,  54% used [0x0a750000, 0x0ad1a8c8, 0x0ad1aa00, 0x0b200000)
 Metaspace       used 2550K, capacity 2946K, committed 3008K, reserved 4480K
}

