# JRE version: Java(TM) SE Runtime Environment (8.0_181-b13) (build 1.8.0_181-b13)
# Java VM: Java HotSpot(TM) Client VM (25.181-b13 mixed mode, sharing windows-x86 )
Heap:
 def new generation   total 4992K, used 1877K [0x05000000, 0x05560000, 0x0a550000)
  eden space 4480K,  30% used [0x05000000, 0x051555f8, 0x05460000)
  from space 512K, 100% used [0x05460000, 0x054e0000, 0x054e0000)
  to   space 512K,   0% used [0x054e0000, 0x054e0000, 0x05560000)
 tenured generation   total 10944K, used 4749K [0x0a550000, 0x0b000000, 0x15000000)
   the space 10944K,  43% used [0x0a550000, 0x0a9f3548, 0x0a9f3600, 0x0b000000)
 Metaspace       used 801K, capacity 2946K, committed 3008K, reserved 4480K
GC Heap History (10 events):
Event: 51.055 GC heap before
{Heap before GC invocations=991 (full 36):
 def new generation   total 4992K, used 4992K [0x05000000, 0x05560000, 0x0a550000)
  eden space 4480K, 100% used [0x05000000, 0x05460000, 0x05460000)
  from space 512K, 100% used [0x054e0000, 0x05560000, 0x05560000)
  to   space 512K,   0% used [0x05460000, 0x05460000, 0x054e0000)
 tenured generation   total 10944K, used 10387K [0x0a550000, 0x0b000000, 0x15000000)
   the space 10944K,  94% used [0x0a550000, 0x0af74fa0, 0x0af75000, 0x0b000000)
 Metaspace       used 759K, capacity 2914K, committed 3008K, reserved 4480K
Event: 51.056 GC heap after
Heap after GC invocations=992 (full 36):
 def new generation   total 4992K, used 512K [0x05000000, 0x05560000, 0x0a550000)
  eden space 4480K,   0% used [0x05000000, 0x05000000, 0x05460000)
  from space 512K, 100% used [0x05460000, 0x054e0000, 0x054e0000)
  to   space 512K,   0% used [0x054e0000, 0x054e0000, 0x05560000)
 tenured generation   total 10944K, used 10646K [0x0a550000, 0x0b000000, 0x15000000)
   the space 10944K,  97% used [0x0a550000, 0x0afb5890, 0x0afb5a00, 0x0b000000)
 Metaspace       used 759K, capacity 2914K, committed 3008K, reserved 4480K
}
Event: 51.102 GC heap before
{Heap before GC invocations=992 (full 36):
 def new generation   total 4992K, used 4992K [0x05000000, 0x05560000, 0x0a550000)
  eden space 4480K, 100% used [0x05000000, 0x05460000, 0x05460000)
  from space 512K, 100% used [0x05460000, 0x054e0000, 0x054e0000)
  to   space 512K,   0% used [0x054e0000, 0x054e0000, 0x05560000)
 tenured generation   total 10944K, used 10646K [0x0a550000, 0x0b000000, 0x15000000)
   the space 10944K,  97% used [0x0a550000, 0x0afb5890, 0x0afb5a00, 0x0b000000)
 Metaspace       used 759K, capacity 2914K, committed 3008K, reserved 4480K
Event: 51.103 GC heap after
Heap after GC invocations=993 (full 36):
 def new generation   total 4992K, used 512K [0x05000000, 0x05560000, 0x0a550000)
  eden space 4480K,   0% used [0x05000000, 0x05000000, 0x05460000)
  from space 512K, 100% used [0x054e0000, 0x05560000, 0x05560000)
  to   space 512K,   0% used [0x05460000, 0x05460000, 0x054e0000)
 tenured generation   total 10944K, used 10903K [0x0a550000, 0x0b000000, 0x15000000)
   the space 10944K,  99% used [0x0a550000, 0x0aff5f10, 0x0aff6000, 0x0b000000)
 Metaspace       used 759K, capacity 2914K, committed 3008K, reserved 4480K
}
Event: 51.148 GC heap before
{Heap before GC invocations=993 (full 36):
 def new generation   total 4992K, used 4992K [0x05000000, 0x05560000, 0x0a550000)
  eden space 4480K, 100% used [0x05000000, 0x05460000, 0x05460000)
  from space 512K, 100% used [0x054e0000, 0x05560000, 0x05560000)
  to   space 512K,   0% used [0x05460000, 0x05460000, 0x054e0000)
 tenured generation   total 10944K, used 10903K [0x0a550000, 0x0b000000, 0x15000000)
   the space 10944K,  99% used [0x0a550000, 0x0aff5f10, 0x0aff6000, 0x0b000000)
 Metaspace       used 759K, capacity 2914K, committed 3008K, reserved 4480K
Event: 51.154 GC heap after
Heap after GC invocations=994 (full 37):
 def new generation   total 4992K, used 0K [0x05000000, 0x05560000, 0x0a550000)
  eden space 4480K,   0% used [0x05000000, 0x05000000, 0x05460000)
  from space 512K,   0% used [0x05460000, 0x05460000, 0x054e0000)
  to   space 512K,   0% used [0x054e0000, 0x054e0000, 0x05560000)
 tenured generation   total 10944K, used 4180K [0x0a550000, 0x0b000000, 0x15000000)
   the space 10944K,  38% used [0x0a550000, 0x0a9651f8, 0x0a965200, 0x0b000000)
 Metaspace       used 759K, capacity 2914K, committed 3008K, reserved 4480K
}
Event: 51.205 GC heap before
{Heap before GC invocations=994 (full 37):
 def new generation   total 4992K, used 4480K [0x05000000, 0x05560000, 0x0a550000)
  eden space 4480K, 100% used [0x05000000, 0x05460000, 0x05460000)
  from space 512K,   0% used [0x05460000, 0x05460000, 0x054e0000)
  to   space 512K,   0% used [0x054e0000, 0x054e0000, 0x05560000)
 tenured generation   total 10944K, used 4180K [0x0a550000, 0x0b000000, 0x15000000)
   the space 10944K,  38% used [0x0a550000, 0x0a9651f8, 0x0a965200, 0x0b000000)
 Metaspace       used 759K, capacity 2914K, committed 3008K, reserved 4480K
Event: 51.207 GC heap after
Heap after GC invocations=995 (full 37):
 def new generation   total 4992K, used 512K [0x05000000, 0x05560000, 0x0a550000)
  eden space 4480K,   0% used [0x05000000, 0x05000000, 0x05460000)
  from space 512K, 100% used [0x054e0000, 0x05560000, 0x05560000)
  to   space 512K,   0% used [0x05460000, 0x05460000, 0x054e0000)
 tenured generation   total 10944K, used 4438K [0x0a550000, 0x0b000000, 0x15000000)
   the space 10944K,  40% used [0x0a550000, 0x0a9a5a18, 0x0a9a5c00, 0x0b000000)
 Metaspace       used 759K, capacity 2914K, committed 3008K, reserved 4480K
}
Event: 51.281 GC heap before
{Heap before GC invocations=995 (full 37):
 def new generation   total 4992K, used 4992K [0x05000000, 0x05560000, 0x0a550000)
  eden space 4480K, 100% used [0x05000000, 0x05460000, 0x05460000)
  from space 512K, 100% used [0x054e0000, 0x05560000, 0x05560000)
  to   space 512K,   0% used [0x05460000, 0x05460000, 0x054e0000)
 tenured generation   total 10944K, used 4438K [0x0a550000, 0x0b000000, 0x15000000)
   the space 10944K,  40% used [0x0a550000, 0x0a9a5a18, 0x0a9a5c00, 0x0b000000)
 Metaspace       used 759K, capacity 2914K, committed 3008K, reserved 4480K
Event: 51.283 GC heap after
Heap after GC invocations=996 (full 37):
 def new generation   total 4992K, used 512K [0x05000000, 0x05560000, 0x0a550000)
  eden space 4480K,   0% used [0x05000000, 0x05000000, 0x05460000)
  from space 512K, 100% used [0x05460000, 0x054e0000, 0x054e0000)
  to   space 512K,   0% used [0x054e0000, 0x054e0000, 0x05560000)
 tenured generation   total 10944K, used 4749K [0x0a550000, 0x0b000000, 0x15000000)
   the space 10944K,  43% used [0x0a550000, 0x0a9f3548, 0x0a9f3600, 0x0b000000)
 Metaspace       used 759K, capacity 2914K, committed 3008K, reserved 4480K
}

