# JRE version: Java(TM) SE Runtime Environment (8.0_181-b13) (build 1.8.0_181-b13)
# Java VM: Java HotSpot(TM) Client VM (25.181-b13 mixed mode windows-x86 )
Heap:
 def new generation   total 4992K, used 4454K [0x05200000, 0x05760000, 0x0a750000)
  eden space 4480K,  88% used [0x05200000, 0x055d99f8, 0x05660000)
  from space 512K, 100% used [0x056e0000, 0x05760000, 0x05760000)
  to   space 512K,   0% used [0x05660000, 0x05660000, 0x056e0000)
 tenured generation   total 10944K, used 5948K [0x0a750000, 0x0b200000, 0x15200000)
   the space 10944K,  54% used [0x0a750000, 0x0ad1f278, 0x0ad1f400, 0x0b200000)
 Metaspace       used 2579K, capacity 2978K, committed 3008K, reserved 4480K
GC Heap History (10 events):
Event: 71.740 GC heap before
{Heap before GC invocations=909 (full 34):
 def new generation   total 4992K, used 4992K [0x05200000, 0x05760000, 0x0a750000)
  eden space 4480K, 100% used [0x05200000, 0x05660000, 0x05660000)
  from space 512K, 100% used [0x05660000, 0x056e0000, 0x056e0000)
  to   space 512K,   0% used [0x056e0000, 0x056e0000, 0x05760000)
 tenured generation   total 10944K, used 4646K [0x0a750000, 0x0b200000, 0x15200000)
   the space 10944K,  42% used [0x0a750000, 0x0abd9a50, 0x0abd9c00, 0x0b200000)
 Metaspace       used 2579K, capacity 2978K, committed 3008K, reserved 4480K
Event: 71.741 GC heap after
Heap after GC invocations=910 (full 34):
 def new generation   total 4992K, used 512K [0x05200000, 0x05760000, 0x0a750000)
  eden space 4480K,   0% used [0x05200000, 0x05200000, 0x05660000)
  from space 512K, 100% used [0x056e0000, 0x05760000, 0x05760000)
  to   space 512K,   0% used [0x05660000, 0x05660000, 0x056e0000)
 tenured generation   total 10944K, used 4905K [0x0a750000, 0x0b200000, 0x15200000)
   the space 10944K,  44% used [0x0a750000, 0x0ac1a6c0, 0x0ac1a800, 0x0b200000)
 Metaspace       used 2579K, capacity 2978K, committed 3008K, reserved 4480K
}
Event: 71.802 GC heap before
{Heap before GC invocations=910 (full 34):
 def new generation   total 4992K, used 4992K [0x05200000, 0x05760000, 0x0a750000)
  eden space 4480K, 100% used [0x05200000, 0x05660000, 0x05660000)
  from space 512K, 100% used [0x056e0000, 0x05760000, 0x05760000)
  to   space 512K,   0% used [0x05660000, 0x05660000, 0x056e0000)
 tenured generation   total 10944K, used 4905K [0x0a750000, 0x0b200000, 0x15200000)
   the space 10944K,  44% used [0x0a750000, 0x0ac1a6c0, 0x0ac1a800, 0x0b200000)
 Metaspace       used 2579K, capacity 2978K, committed 3008K, reserved 4480K
Event: 71.803 GC heap after
Heap after GC invocations=911 (full 34):
 def new generation   total 4992K, used 512K [0x05200000, 0x05760000, 0x0a750000)
  eden space 4480K,   0% used [0x05200000, 0x05200000, 0x05660000)
  from space 512K, 100% used [0x05660000, 0x056e0000, 0x056e0000)
  to   space 512K,   0% used [0x056e0000, 0x056e0000, 0x05760000)
 tenured generation   total 10944K, used 5165K [0x0a750000, 0x0b200000, 0x15200000)
   the space 10944K,  47% used [0x0a750000, 0x0ac5b618, 0x0ac5b800, 0x0b200000)
 Metaspace       used 2579K, capacity 2978K, committed 3008K, reserved 4480K
}
Event: 71.867 GC heap before
{Heap before GC invocations=911 (full 34):
 def new generation   total 4992K, used 4992K [0x05200000, 0x05760000, 0x0a750000)
  eden space 4480K, 100% used [0x05200000, 0x05660000, 0x05660000)
  from space 512K, 100% used [0x05660000, 0x056e0000, 0x056e0000)
  to   space 512K,   0% used [0x056e0000, 0x056e0000, 0x05760000)
 tenured generation   total 10944K, used 5165K [0x0a750000, 0x0b200000, 0x15200000)
   the space 10944K,  47% used [0x0a750000, 0x0ac5b618, 0x0ac5b800, 0x0b200000)
 Metaspace       used 2579K, capacity 2978K, committed 3008K, reserved 4480K
Event: 71.868 GC heap after
Heap after GC invocations=912 (full 34):
 def new generation   total 4992K, used 512K [0x05200000, 0x05760000, 0x0a750000)
  eden space 4480K,   0% used [0x05200000, 0x05200000, 0x05660000)
  from space 512K, 100% used [0x056e0000, 0x05760000, 0x05760000)
  to   space 512K,   0% used [0x05660000, 0x05660000, 0x056e0000)
 tenured generation   total 10944K, used 5425K [0x0a750000, 0x0b200000, 0x15200000)
   the space 10944K,  49% used [0x0a750000, 0x0ac9c460, 0x0ac9c600, 0x0b200000)
 Metaspace       used 2579K, capacity 2978K, committed 3008K, reserved 4480K
}
Event: 71.935 GC heap before
{Heap before GC invocations=912 (full 34):
 def new generation   total 4992K, used 4992K [0x05200000, 0x05760000, 0x0a750000)
  eden space 4480K, 100% used [0x05200000, 0x05660000, 0x05660000)
  from space 512K, 100% used [0x056e0000, 0x05760000, 0x05760000)
  to   space 512K,   0% used [0x05660000, 0x05660000, 0x056e0000)
 tenured generation   total 10944K, used 5425K [0x0a750000, 0x0b200000, 0x15200000)
   the space 10944K,  49% used [0x0a750000, 0x0ac9c460, 0x0ac9c600, 0x0b200000)
 Metaspace       used 2579K, capacity 2978K, committed 3008K, reserved 4480K
Event: 71.937 GC heap after
Heap after GC invocations=913 (full 34):
 def new generation   total 4992K, used 512K [0x05200000, 0x05760000, 0x0a750000)
  eden space 4480K,   0% used [0x05200000, 0x05200000, 0x05660000)
  from space 512K, 100% used [0x05660000, 0x056e0000, 0x056e0000)
  to   space 512K,   0% used [0x056e0000, 0x056e0000, 0x05760000)
 tenured generation   total 10944K, used 5687K [0x0a750000, 0x0b200000, 0x15200000)
   the space 10944K,  51% used [0x0a750000, 0x0acddd70, 0x0acdde00, 0x0b200000)
 Metaspace       used 2579K, capacity 2978K, committed 3008K, reserved 4480K
}
Event: 71.996 GC heap before
{Heap before GC invocations=913 (full 34):
 def new generation   total 4992K, used 4992K [0x05200000, 0x05760000, 0x0a750000)
  eden space 4480K, 100% used [0x05200000, 0x05660000, 0x05660000)
  from space 512K, 100% used [0x05660000, 0x056e0000, 0x056e0000)
  to   space 512K,   0% used [0x056e0000, 0x056e0000, 0x05760000)
 tenured generation   total 10944K, used 5687K [0x0a750000, 0x0b200000, 0x15200000)
   the space 10944K,  51% used [0x0a750000, 0x0acddd70, 0x0acdde00, 0x0b200000)
 Metaspace       used 2579K, capacity 2978K, committed 3008K, reserved 4480K
Event: 71.997 GC heap after
Heap after GC invocations=914 (full 34):
 def new generation   total 4992K, used 512K [0x05200000, 0x05760000, 0x0a750000)
  eden space 4480K,   0% used [0x05200000, 0x05200000, 0x05660000)
  from space 512K, 100% used [0x056e0000, 0x05760000, 0x05760000)
  to   space 512K,   0% used [0x05660000, 0x05660000, 0x056e0000)
 tenured generation   total 10944K, used 5948K [0x0a750000, 0x0b200000, 0x15200000)
   the space 10944K,  54% used [0x0a750000, 0x0ad1f278, 0x0ad1f400, 0x0b200000)
 Metaspace       used 2579K, capacity 2978K, committed 3008K, reserved 4480K
}

